[16:29:42] [ServerMain/INFO]: Building unoptimized datafixer
[16:29:43] [ServerMain/INFO]: Environment: authHost='https://authserver.mojang.com', accountsHost='https://api.mojang.com', sessionHost='https://sessionserver.mojang.com', servicesHost='https://api.minecraftservices.com', name='PROD'
[16:29:45] [ServerMain/INFO]: Loaded 7 recipes
[16:29:46] [Server thread/INFO]: Starting minecraft server version 1.19.2
[16:29:46] [Server thread/INFO]: Loading properties
[16:29:46] [Server thread/INFO]: This server is running Paper version git-Paper-162 (MC: 1.19.2) (Implementing API version 1.19.2-R0.1-SNAPSHOT) (Git: 339e85d)
[16:29:46] [Server thread/INFO]: Server Ping Player Sample Count: 12
[16:29:46] [Server thread/INFO]: Using 4 threads for Netty based IO
[16:29:47] [Server thread/INFO]: Default game type: SURVIVAL
[16:29:47] [Server thread/INFO]: Generating keypair
[16:29:47] [Server thread/INFO]: Starting Minecraft server on *:25566
[16:29:47] [Server thread/INFO]: Using default channel type
[16:29:47] [Server thread/INFO]: Paper: Using Java 11 compression from Velocity.
[16:29:47] [Server thread/INFO]: Paper: Using Java cipher from Velocity.
[16:29:47] [Server thread/INFO]: [Lobby] Loading Lobby vv0.1
[16:29:47] [Server thread/INFO]: Server permissions file permissions.yml is empty, ignoring it
[16:29:47] [Server thread/WARN]: **** SERVER IS RUNNING IN OFFLINE/INSECURE MODE!
[16:29:47] [Server thread/WARN]: The server will make no attempt to authenticate usernames. Beware.
[16:29:47] [Server thread/WARN]: Whilst this makes it possible to use BungeeCord, unless access to your server is properly restricted, it also opens up the ability for hackers to connect with any username they choose.
[16:29:47] [Server thread/WARN]: Please see http://www.spigotmc.org/wiki/firewall-guide/ for further information.
[16:29:47] [Server thread/WARN]: To change this, set "online-mode" to "true" in the server.properties file.
[16:29:47] [Server thread/INFO]: Preparing level "world"
[16:29:48] [Server thread/INFO]: Preparing start region for dimension minecraft:overworld
[16:29:48] [Server thread/INFO]: Time elapsed: 349 ms
[16:29:48] [Server thread/INFO]: Preparing start region for dimension minecraft:the_nether
[16:29:48] [Server thread/INFO]: Time elapsed: 121 ms
[16:29:48] [Server thread/INFO]: Preparing start region for dimension minecraft:the_end
[16:29:49] [Server thread/INFO]: Time elapsed: 129 ms
[16:29:49] [Server thread/INFO]: [Lobby] Enabling Lobby vv0.1
[16:29:49] [Server thread/INFO]: Running delayed init tasks
[16:29:49] [Server thread/INFO]: Done (2.607s)! For help, type "help"
[16:29:49] [Server thread/INFO]: Timings Reset
[16:29:50] [User Authenticator #0/INFO]: UUID of player Anirataak is 68eb49a6-54e4-470c-a4ef-3525cf74bbb5
[16:29:50] [Server thread/INFO]: Anirataak[/127.0.0.1:52736] logged in with entity id 42 at ([world]735.5, 23.0, -1012.5)
[16:38:59] [Server thread/INFO]: Anirataak issued server command: /reload confirm
[16:38:59] [Server thread/INFO]: Anirataak: Please note that this command is not supported and may cause issues when using some plugins.
[16:38:59] [Server thread/INFO]: Anirataak: If you encounter any issues please use the /stop command to restart your server.
[16:38:59] [Server thread/INFO]: Server Ping Player Sample Count: 12
[16:38:59] [Server thread/INFO]: Using 4 threads for Netty based IO
[16:39:00] [Server thread/INFO]: [Lobby] Disabling Lobby vv0.1
[16:39:00] [Server thread/INFO]: Loaded 7 recipes
[16:39:01] [Server thread/INFO]: [Lobby] Loading Lobby vv0.1
[16:39:01] [Server thread/INFO]: Server permissions file permissions.yml is empty, ignoring it
[16:39:01] [Server thread/INFO]: [Lobby] Enabling Lobby vv0.1
[16:39:01] [Server thread/INFO]: Anirataak: Reload complete.
[16:39:01] [Server thread/INFO]: Timings Reset
[16:41:51] [Server thread/INFO]: Anirataak issued server command: /reload confirm
[16:41:51] [Server thread/INFO]: Anirataak: Please note that this command is not supported and may cause issues when using some plugins.
[16:41:51] [Server thread/INFO]: Anirataak: If you encounter any issues please use the /stop command to restart your server.
[16:41:51] [Server thread/INFO]: Server Ping Player Sample Count: 12
[16:41:51] [Server thread/INFO]: Using 4 threads for Netty based IO
[16:41:51] [Server thread/INFO]: [Lobby] Disabling Lobby vv0.1
[16:41:51] [Server thread/INFO]: Loaded 7 recipes
[16:41:52] [Server thread/INFO]: [Lobby] Loading Lobby vv0.1
[16:41:52] [Server thread/INFO]: Server permissions file permissions.yml is empty, ignoring it
[16:41:52] [Server thread/INFO]: [Lobby] Enabling Lobby vv0.1
[16:41:52] [Server thread/INFO]: Anirataak: Reload complete.
[16:41:52] [Server thread/INFO]: Timings Reset
[16:58:02] [Server thread/INFO]: Anirataak issued server command: /reload confirm
[16:58:02] [Server thread/INFO]: Anirataak: Please note that this command is not supported and may cause issues when using some plugins.
[16:58:02] [Server thread/INFO]: Anirataak: If you encounter any issues please use the /stop command to restart your server.
[16:58:02] [Server thread/INFO]: Server Ping Player Sample Count: 12
[16:58:02] [Server thread/INFO]: Using 4 threads for Netty based IO
[16:58:02] [Server thread/INFO]: [Lobby] Disabling Lobby vv0.1
[16:58:03] [Server thread/INFO]: Loaded 7 recipes
[16:58:03] [Server thread/INFO]: [Lobby] Loading Lobby vv0.1
[16:58:03] [Server thread/INFO]: Server permissions file permissions.yml is empty, ignoring it
[16:58:03] [Server thread/INFO]: [Lobby] Enabling Lobby vv0.1
[16:58:03] [Server thread/INFO]: Anirataak: Reload complete.
[16:58:03] [Server thread/INFO]: Timings Reset
[16:58:10] [Server thread/INFO]: Anirataak lost connection: Disconnected
[16:58:12] [User Authenticator #1/INFO]: UUID of player Anirataak is 68eb49a6-54e4-470c-a4ef-3525cf74bbb5
[16:58:12] [Server thread/INFO]: Anirataak[/127.0.0.1:63983] logged in with entity id 97 at ([world]735.5, 23.0, -1012.5)
[16:58:14] [Server thread/INFO]: TextComponentImpl{content="§eServer Navigator", style=StyleImpl{obfuscated=not_set, bold=not_set, strikethrough=not_set, underlined=not_set, italic=not_set, color=null, clickEvent=null, hoverEvent=null, insertion=null, font=null}, children=[]}
[16:58:15] [Server thread/INFO]: TextComponentImpl{content="§eServer Navigator", style=StyleImpl{obfuscated=not_set, bold=not_set, strikethrough=not_set, underlined=not_set, italic=not_set, color=null, clickEvent=null, hoverEvent=null, insertion=null, font=null}, children=[]}
[16:58:16] [Server thread/INFO]: TextComponentImpl{content="§eServer Navigator", style=StyleImpl{obfuscated=not_set, bold=not_set, strikethrough=not_set, underlined=not_set, italic=not_set, color=null, clickEvent=null, hoverEvent=null, insertion=null, font=null}, children=[]}
[16:58:17] [Server thread/INFO]: TextComponentImpl{content="§eServer Navigator", style=StyleImpl{obfuscated=not_set, bold=not_set, strikethrough=not_set, underlined=not_set, italic=not_set, color=null, clickEvent=null, hoverEvent=null, insertion=null, font=null}, children=[]}
[16:58:17] [Server thread/INFO]: TextComponentImpl{content="§eServer Navigator", style=StyleImpl{obfuscated=not_set, bold=not_set, strikethrough=not_set, underlined=not_set, italic=not_set, color=null, clickEvent=null, hoverEvent=null, insertion=null, font=null}, children=[]}
[16:58:17] [Server thread/INFO]: TextComponentImpl{content="§eServer Navigator", style=StyleImpl{obfuscated=not_set, bold=not_set, strikethrough=not_set, underlined=not_set, italic=not_set, color=null, clickEvent=null, hoverEvent=null, insertion=null, font=null}, children=[]}
[16:58:25] [Server thread/ERROR]: Could not pass event PlayerInteractEvent to Lobby vv0.1
java.lang.NullPointerException: Cannot invoke "org.bukkit.inventory.meta.ItemMeta.getDisplayName()" because "itemMeta" is null
	at de.regitstudios.lobby.listener.NavigatorListener.onNavigatorMoved(NavigatorListener.java:33) ~[Lobby-v0.1.jar:?]
	at com.destroystokyo.paper.event.executor.asm.generated.GeneratedEventExecutor31.execute(Unknown Source) ~[?:?]
	at org.bukkit.plugin.EventExecutor.lambda$create$1(EventExecutor.java:75) ~[paper-api-1.19.2-R0.1-SNAPSHOT.jar:?]
	at co.aikar.timings.TimedEventExecutor.execute(TimedEventExecutor.java:80) ~[paper-api-1.19.2-R0.1-SNAPSHOT.jar:git-Paper-162]
	at org.bukkit.plugin.RegisteredListener.callEvent(RegisteredListener.java:70) ~[paper-api-1.19.2-R0.1-SNAPSHOT.jar:?]
	at org.bukkit.plugin.SimplePluginManager.callEvent(SimplePluginManager.java:670) ~[paper-api-1.19.2-R0.1-SNAPSHOT.jar:?]
	at org.bukkit.craftbukkit.v1_19_R1.event.CraftEventFactory.callPlayerInteractEvent(CraftEventFactory.java:544) ~[paper-1.19.2.jar:git-Paper-162]
	at net.minecraft.server.level.ServerPlayerGameMode.useItemOn(ServerPlayerGameMode.java:525) ~[?:?]
	at net.minecraft.server.network.ServerGamePacketListenerImpl.handleUseItemOn(ServerGamePacketListenerImpl.java:1968) ~[?:?]
	at net.minecraft.network.protocol.game.ServerboundUseItemOnPacket.handle(ServerboundUseItemOnPacket.java:37) ~[?:?]
	at net.minecraft.network.protocol.game.ServerboundUseItemOnPacket.a(ServerboundUseItemOnPacket.java:9) ~[?:?]
	at net.minecraft.network.protocol.PacketUtils.lambda$ensureRunningOnSameThread$1(PacketUtils.java:51) ~[?:?]
	at net.minecraft.server.TickTask.run(TickTask.java:18) ~[paper-1.19.2.jar:git-Paper-162]
	at net.minecraft.util.thread.BlockableEventLoop.doRunTask(BlockableEventLoop.java:153) ~[?:?]
	at net.minecraft.util.thread.ReentrantBlockableEventLoop.doRunTask(ReentrantBlockableEventLoop.java:24) ~[?:?]
	at net.minecraft.server.MinecraftServer.doRunTask(MinecraftServer.java:1361) ~[paper-1.19.2.jar:git-Paper-162]
	at net.minecraft.server.MinecraftServer.d(MinecraftServer.java:185) ~[paper-1.19.2.jar:git-Paper-162]
	at net.minecraft.util.thread.BlockableEventLoop.pollTask(BlockableEventLoop.java:126) ~[?:?]
	at net.minecraft.server.MinecraftServer.pollTaskInternal(MinecraftServer.java:1338) ~[paper-1.19.2.jar:git-Paper-162]
	at net.minecraft.server.MinecraftServer.pollTask(MinecraftServer.java:1331) ~[paper-1.19.2.jar:git-Paper-162]
	at net.minecraft.util.thread.BlockableEventLoop.managedBlock(BlockableEventLoop.java:136) ~[?:?]
	at net.minecraft.server.MinecraftServer.waitUntilNextTick(MinecraftServer.java:1309) ~[paper-1.19.2.jar:git-Paper-162]
	at net.minecraft.server.MinecraftServer.runServer(MinecraftServer.java:1197) ~[paper-1.19.2.jar:git-Paper-162]
	at net.minecraft.server.MinecraftServer.lambda$spin$0(MinecraftServer.java:305) ~[paper-1.19.2.jar:git-Paper-162]
	at java.lang.Thread.run(Thread.java:833) ~[?:?]
[16:58:25] [Server thread/ERROR]: Could not pass event PlayerInteractEvent to Lobby vv0.1
java.lang.NullPointerException: Cannot invoke "org.bukkit.inventory.meta.ItemMeta.getDisplayName()" because "itemMeta" is null
	at de.regitstudios.lobby.listener.NavigatorListener.onNavigatorMoved(NavigatorListener.java:33) ~[Lobby-v0.1.jar:?]
	at com.destroystokyo.paper.event.executor.asm.generated.GeneratedEventExecutor31.execute(Unknown Source) ~[?:?]
	at org.bukkit.plugin.EventExecutor.lambda$create$1(EventExecutor.java:75) ~[paper-api-1.19.2-R0.1-SNAPSHOT.jar:?]
	at co.aikar.timings.TimedEventExecutor.execute(TimedEventExecutor.java:80) ~[paper-api-1.19.2-R0.1-SNAPSHOT.jar:git-Paper-162]
	at org.bukkit.plugin.RegisteredListener.callEvent(RegisteredListener.java:70) ~[paper-api-1.19.2-R0.1-SNAPSHOT.jar:?]
	at org.bukkit.plugin.SimplePluginManager.callEvent(SimplePluginManager.java:670) ~[paper-api-1.19.2-R0.1-SNAPSHOT.jar:?]
	at org.bukkit.craftbukkit.v1_19_R1.event.CraftEventFactory.callPlayerInteractEvent(CraftEventFactory.java:544) ~[paper-1.19.2.jar:git-Paper-162]
	at net.minecraft.server.level.ServerPlayerGameMode.useItemOn(ServerPlayerGameMode.java:525) ~[?:?]
	at net.minecraft.server.network.ServerGamePacketListenerImpl.handleUseItemOn(ServerGamePacketListenerImpl.java:1968) ~[?:?]
	at net.minecraft.network.protocol.game.ServerboundUseItemOnPacket.handle(ServerboundUseItemOnPacket.java:37) ~[?:?]
	at net.minecraft.network.protocol.game.ServerboundUseItemOnPacket.a(ServerboundUseItemOnPacket.java:9) ~[?:?]
	at net.minecraft.network.protocol.PacketUtils.lambda$ensureRunningOnSameThread$1(PacketUtils.java:51) ~[?:?]
	at net.minecraft.server.TickTask.run(TickTask.java:18) ~[paper-1.19.2.jar:git-Paper-162]
	at net.minecraft.util.thread.BlockableEventLoop.doRunTask(BlockableEventLoop.java:153) ~[?:?]
	at net.minecraft.util.thread.ReentrantBlockableEventLoop.doRunTask(ReentrantBlockableEventLoop.java:24) ~[?:?]
	at net.minecraft.server.MinecraftServer.doRunTask(MinecraftServer.java:1361) ~[paper-1.19.2.jar:git-Paper-162]
	at net.minecraft.server.MinecraftServer.d(MinecraftServer.java:185) ~[paper-1.19.2.jar:git-Paper-162]
	at net.minecraft.util.thread.BlockableEventLoop.pollTask(BlockableEventLoop.java:126) ~[?:?]
	at net.minecraft.server.MinecraftServer.pollTaskInternal(MinecraftServer.java:1338) ~[paper-1.19.2.jar:git-Paper-162]
	at net.minecraft.server.MinecraftServer.pollTask(MinecraftServer.java:1331) ~[paper-1.19.2.jar:git-Paper-162]
	at net.minecraft.util.thread.BlockableEventLoop.managedBlock(BlockableEventLoop.java:136) ~[?:?]
	at net.minecraft.server.MinecraftServer.waitUntilNextTick(MinecraftServer.java:1309) ~[paper-1.19.2.jar:git-Paper-162]
	at net.minecraft.server.MinecraftServer.runServer(MinecraftServer.java:1197) ~[paper-1.19.2.jar:git-Paper-162]
	at net.minecraft.server.MinecraftServer.lambda$spin$0(MinecraftServer.java:305) ~[paper-1.19.2.jar:git-Paper-162]
	at java.lang.Thread.run(Thread.java:833) ~[?:?]
[16:58:25] [Server thread/ERROR]: Could not pass event PlayerInteractEvent to Lobby vv0.1
java.lang.NullPointerException: Cannot invoke "org.bukkit.inventory.meta.ItemMeta.getDisplayName()" because "itemMeta" is null
	at de.regitstudios.lobby.listener.NavigatorListener.onNavigatorMoved(NavigatorListener.java:33) ~[Lobby-v0.1.jar:?]
	at com.destroystokyo.paper.event.executor.asm.generated.GeneratedEventExecutor31.execute(Unknown Source) ~[?:?]
	at org.bukkit.plugin.EventExecutor.lambda$create$1(EventExecutor.java:75) ~[paper-api-1.19.2-R0.1-SNAPSHOT.jar:?]
	at co.aikar.timings.TimedEventExecutor.execute(TimedEventExecutor.java:80) ~[paper-api-1.19.2-R0.1-SNAPSHOT.jar:git-Paper-162]
	at org.bukkit.plugin.RegisteredListener.callEvent(RegisteredListener.java:70) ~[paper-api-1.19.2-R0.1-SNAPSHOT.jar:?]
	at org.bukkit.plugin.SimplePluginManager.callEvent(SimplePluginManager.java:670) ~[paper-api-1.19.2-R0.1-SNAPSHOT.jar:?]
	at org.bukkit.craftbukkit.v1_19_R1.event.CraftEventFactory.callPlayerInteractEvent(CraftEventFactory.java:544) ~[paper-1.19.2.jar:git-Paper-162]
	at org.bukkit.craftbukkit.v1_19_R1.event.CraftEventFactory.callPlayerInteractEvent(CraftEventFactory.java:507) ~[paper-1.19.2.jar:git-Paper-162]
	at org.bukkit.craftbukkit.v1_19_R1.event.CraftEventFactory.callPlayerInteractEvent(CraftEventFactory.java:502) ~[paper-1.19.2.jar:git-Paper-162]
	at net.minecraft.server.level.ServerPlayerGameMode.handleBlockBreakAction(ServerPlayerGameMode.java:198) ~[?:?]
	at net.minecraft.server.network.ServerGamePacketListenerImpl.handlePlayerAction(ServerGamePacketListenerImpl.java:1882) ~[?:?]
	at net.minecraft.network.protocol.game.ServerboundPlayerActionPacket.handle(ServerboundPlayerActionPacket.java:42) ~[?:?]
	at net.minecraft.network.protocol.game.ServerboundPlayerActionPacket.a(ServerboundPlayerActionPacket.java:15) ~[?:?]
	at net.minecraft.network.protocol.PacketUtils.lambda$ensureRunningOnSameThread$1(PacketUtils.java:51) ~[?:?]
	at net.minecraft.server.TickTask.run(TickTask.java:18) ~[paper-1.19.2.jar:git-Paper-162]
	at net.minecraft.util.thread.BlockableEventLoop.doRunTask(BlockableEventLoop.java:153) ~[?:?]
	at net.minecraft.util.thread.ReentrantBlockableEventLoop.doRunTask(ReentrantBlockableEventLoop.java:24) ~[?:?]
	at net.minecraft.server.MinecraftServer.doRunTask(MinecraftServer.java:1361) ~[paper-1.19.2.jar:git-Paper-162]
	at net.minecraft.server.MinecraftServer.d(MinecraftServer.java:185) ~[paper-1.19.2.jar:git-Paper-162]
	at net.minecraft.util.thread.BlockableEventLoop.pollTask(BlockableEventLoop.java:126) ~[?:?]
	at net.minecraft.server.MinecraftServer.pollTaskInternal(MinecraftServer.java:1338) ~[paper-1.19.2.jar:git-Paper-162]
	at net.minecraft.server.MinecraftServer.pollTask(MinecraftServer.java:1331) ~[paper-1.19.2.jar:git-Paper-162]
	at net.minecraft.util.thread.BlockableEventLoop.managedBlock(BlockableEventLoop.java:136) ~[?:?]
	at net.minecraft.server.MinecraftServer.waitUntilNextTick(MinecraftServer.java:1309) ~[paper-1.19.2.jar:git-Paper-162]
	at net.minecraft.server.MinecraftServer.runServer(MinecraftServer.java:1197) ~[paper-1.19.2.jar:git-Paper-162]
	at net.minecraft.server.MinecraftServer.lambda$spin$0(MinecraftServer.java:305) ~[paper-1.19.2.jar:git-Paper-162]
	at java.lang.Thread.run(Thread.java:833) ~[?:?]
[16:58:25] [Server thread/ERROR]: Could not pass event PlayerInteractEvent to Lobby vv0.1
java.lang.NullPointerException: Cannot invoke "org.bukkit.inventory.meta.ItemMeta.getDisplayName()" because "itemMeta" is null
	at de.regitstudios.lobby.listener.NavigatorListener.onNavigatorMoved(NavigatorListener.java:33) ~[Lobby-v0.1.jar:?]
	at com.destroystokyo.paper.event.executor.asm.generated.GeneratedEventExecutor31.execute(Unknown Source) ~[?:?]
	at org.bukkit.plugin.EventExecutor.lambda$create$1(EventExecutor.java:75) ~[paper-api-1.19.2-R0.1-SNAPSHOT.jar:?]
	at co.aikar.timings.TimedEventExecutor.execute(TimedEventExecutor.java:80) ~[paper-api-1.19.2-R0.1-SNAPSHOT.jar:git-Paper-162]
	at org.bukkit.plugin.RegisteredListener.callEvent(RegisteredListener.java:70) ~[paper-api-1.19.2-R0.1-SNAPSHOT.jar:?]
	at org.bukkit.plugin.SimplePluginManager.callEvent(SimplePluginManager.java:670) ~[paper-api-1.19.2-R0.1-SNAPSHOT.jar:?]
	at org.bukkit.craftbukkit.v1_19_R1.event.CraftEventFactory.callPlayerInteractEvent(CraftEventFactory.java:544) ~[paper-1.19.2.jar:git-Paper-162]
	at org.bukkit.craftbukkit.v1_19_R1.event.CraftEventFactory.callPlayerInteractEvent(CraftEventFactory.java:507) ~[paper-1.19.2.jar:git-Paper-162]
	at org.bukkit.craftbukkit.v1_19_R1.event.CraftEventFactory.callPlayerInteractEvent(CraftEventFactory.java:502) ~[paper-1.19.2.jar:git-Paper-162]
	at org.bukkit.craftbukkit.v1_19_R1.event.CraftEventFactory.callPlayerInteractEvent(CraftEventFactory.java:498) ~[paper-1.19.2.jar:git-Paper-162]
	at net.minecraft.server.network.ServerGamePacketListenerImpl.handleAnimate(ServerGamePacketListenerImpl.java:2756) ~[?:?]
	at net.minecraft.network.protocol.game.ServerboundSwingPacket.handle(ServerboundSwingPacket.java:25) ~[?:?]
	at net.minecraft.network.protocol.game.ServerboundSwingPacket.a(ServerboundSwingPacket.java:11) ~[?:?]
	at net.minecraft.network.protocol.PacketUtils.lambda$ensureRunningOnSameThread$1(PacketUtils.java:51) ~[?:?]
	at net.minecraft.server.TickTask.run(TickTask.java:18) ~[paper-1.19.2.jar:git-Paper-162]
	at net.minecraft.util.thread.BlockableEventLoop.doRunTask(BlockableEventLoop.java:153) ~[?:?]
	at net.minecraft.util.thread.ReentrantBlockableEventLoop.doRunTask(ReentrantBlockableEventLoop.java:24) ~[?:?]
	at net.minecraft.server.MinecraftServer.doRunTask(MinecraftServer.java:1361) ~[paper-1.19.2.jar:git-Paper-162]
	at net.minecraft.server.MinecraftServer.d(MinecraftServer.java:185) ~[paper-1.19.2.jar:git-Paper-162]
	at net.minecraft.util.thread.BlockableEventLoop.pollTask(BlockableEventLoop.java:126) ~[?:?]
	at net.minecraft.server.MinecraftServer.pollTaskInternal(MinecraftServer.java:1338) ~[paper-1.19.2.jar:git-Paper-162]
	at net.minecraft.server.MinecraftServer.pollTask(MinecraftServer.java:1331) ~[paper-1.19.2.jar:git-Paper-162]
	at net.minecraft.util.thread.BlockableEventLoop.managedBlock(BlockableEventLoop.java:136) ~[?:?]
	at net.minecraft.server.MinecraftServer.waitUntilNextTick(MinecraftServer.java:1309) ~[paper-1.19.2.jar:git-Paper-162]
	at net.minecraft.server.MinecraftServer.runServer(MinecraftServer.java:1197) ~[paper-1.19.2.jar:git-Paper-162]
	at net.minecraft.server.MinecraftServer.lambda$spin$0(MinecraftServer.java:305) ~[paper-1.19.2.jar:git-Paper-162]
	at java.lang.Thread.run(Thread.java:833) ~[?:?]
[16:59:27] [Server thread/ERROR]: Could not pass event PlayerInteractEvent to Lobby vv0.1
java.lang.NullPointerException: Cannot invoke "org.bukkit.inventory.meta.ItemMeta.getDisplayName()" because "itemMeta" is null
	at de.regitstudios.lobby.listener.NavigatorListener.onNavigatorMoved(NavigatorListener.java:33) ~[Lobby-v0.1.jar:?]
	at com.destroystokyo.paper.event.executor.asm.generated.GeneratedEventExecutor31.execute(Unknown Source) ~[?:?]
	at org.bukkit.plugin.EventExecutor.lambda$create$1(EventExecutor.java:75) ~[paper-api-1.19.2-R0.1-SNAPSHOT.jar:?]
	at co.aikar.timings.TimedEventExecutor.execute(TimedEventExecutor.java:80) ~[paper-api-1.19.2-R0.1-SNAPSHOT.jar:git-Paper-162]
	at org.bukkit.plugin.RegisteredListener.callEvent(RegisteredListener.java:70) ~[paper-api-1.19.2-R0.1-SNAPSHOT.jar:?]
	at org.bukkit.plugin.SimplePluginManager.callEvent(SimplePluginManager.java:670) ~[paper-api-1.19.2-R0.1-SNAPSHOT.jar:?]
	at org.bukkit.craftbukkit.v1_19_R1.event.CraftEventFactory.callPlayerInteractEvent(CraftEventFactory.java:544) ~[paper-1.19.2.jar:git-Paper-162]
	at net.minecraft.server.level.ServerPlayerGameMode.useItemOn(ServerPlayerGameMode.java:525) ~[?:?]
	at net.minecraft.server.network.ServerGamePacketListenerImpl.handleUseItemOn(ServerGamePacketListenerImpl.java:1968) ~[?:?]
	at net.minecraft.network.protocol.game.ServerboundUseItemOnPacket.handle(ServerboundUseItemOnPacket.java:37) ~[?:?]
	at net.minecraft.network.protocol.game.ServerboundUseItemOnPacket.a(ServerboundUseItemOnPacket.java:9) ~[?:?]
	at net.minecraft.network.protocol.PacketUtils.lambda$ensureRunningOnSameThread$1(PacketUtils.java:51) ~[?:?]
	at net.minecraft.server.TickTask.run(TickTask.java:18) ~[paper-1.19.2.jar:git-Paper-162]
	at net.minecraft.util.thread.BlockableEventLoop.doRunTask(BlockableEventLoop.java:153) ~[?:?]
	at net.minecraft.util.thread.ReentrantBlockableEventLoop.doRunTask(ReentrantBlockableEventLoop.java:24) ~[?:?]
	at net.minecraft.server.MinecraftServer.doRunTask(MinecraftServer.java:1361) ~[paper-1.19.2.jar:git-Paper-162]
	at net.minecraft.server.MinecraftServer.d(MinecraftServer.java:185) ~[paper-1.19.2.jar:git-Paper-162]
	at net.minecraft.util.thread.BlockableEventLoop.pollTask(BlockableEventLoop.java:126) ~[?:?]
	at net.minecraft.server.MinecraftServer.pollTaskInternal(MinecraftServer.java:1338) ~[paper-1.19.2.jar:git-Paper-162]
	at net.minecraft.server.MinecraftServer.pollTask(MinecraftServer.java:1331) ~[paper-1.19.2.jar:git-Paper-162]
	at net.minecraft.util.thread.BlockableEventLoop.managedBlock(BlockableEventLoop.java:136) ~[?:?]
	at net.minecraft.server.MinecraftServer.waitUntilNextTick(MinecraftServer.java:1309) ~[paper-1.19.2.jar:git-Paper-162]
	at net.minecraft.server.MinecraftServer.runServer(MinecraftServer.java:1197) ~[paper-1.19.2.jar:git-Paper-162]
	at net.minecraft.server.MinecraftServer.lambda$spin$0(MinecraftServer.java:305) ~[paper-1.19.2.jar:git-Paper-162]
	at java.lang.Thread.run(Thread.java:833) ~[?:?]
[16:59:27] [Server thread/ERROR]: Could not pass event PlayerInteractEvent to Lobby vv0.1
java.lang.NullPointerException: Cannot invoke "org.bukkit.inventory.meta.ItemMeta.getDisplayName()" because "itemMeta" is null
	at de.regitstudios.lobby.listener.NavigatorListener.onNavigatorMoved(NavigatorListener.java:33) ~[Lobby-v0.1.jar:?]
	at com.destroystokyo.paper.event.executor.asm.generated.GeneratedEventExecutor31.execute(Unknown Source) ~[?:?]
	at org.bukkit.plugin.EventExecutor.lambda$create$1(EventExecutor.java:75) ~[paper-api-1.19.2-R0.1-SNAPSHOT.jar:?]
	at co.aikar.timings.TimedEventExecutor.execute(TimedEventExecutor.java:80) ~[paper-api-1.19.2-R0.1-SNAPSHOT.jar:git-Paper-162]
	at org.bukkit.plugin.RegisteredListener.callEvent(RegisteredListener.java:70) ~[paper-api-1.19.2-R0.1-SNAPSHOT.jar:?]
	at org.bukkit.plugin.SimplePluginManager.callEvent(SimplePluginManager.java:670) ~[paper-api-1.19.2-R0.1-SNAPSHOT.jar:?]
	at org.bukkit.craftbukkit.v1_19_R1.event.CraftEventFactory.callPlayerInteractEvent(CraftEventFactory.java:544) ~[paper-1.19.2.jar:git-Paper-162]
	at net.minecraft.server.level.ServerPlayerGameMode.useItemOn(ServerPlayerGameMode.java:525) ~[?:?]
	at net.minecraft.server.network.ServerGamePacketListenerImpl.handleUseItemOn(ServerGamePacketListenerImpl.java:1968) ~[?:?]
	at net.minecraft.network.protocol.game.ServerboundUseItemOnPacket.handle(ServerboundUseItemOnPacket.java:37) ~[?:?]
	at net.minecraft.network.protocol.game.ServerboundUseItemOnPacket.a(ServerboundUseItemOnPacket.java:9) ~[?:?]
	at net.minecraft.network.protocol.PacketUtils.lambda$ensureRunningOnSameThread$1(PacketUtils.java:51) ~[?:?]
	at net.minecraft.server.TickTask.run(TickTask.java:18) ~[paper-1.19.2.jar:git-Paper-162]
	at net.minecraft.util.thread.BlockableEventLoop.doRunTask(BlockableEventLoop.java:153) ~[?:?]
	at net.minecraft.util.thread.ReentrantBlockableEventLoop.doRunTask(ReentrantBlockableEventLoop.java:24) ~[?:?]
	at net.minecraft.server.MinecraftServer.doRunTask(MinecraftServer.java:1361) ~[paper-1.19.2.jar:git-Paper-162]
	at net.minecraft.server.MinecraftServer.d(MinecraftServer.java:185) ~[paper-1.19.2.jar:git-Paper-162]
	at net.minecraft.util.thread.BlockableEventLoop.pollTask(BlockableEventLoop.java:126) ~[?:?]
	at net.minecraft.server.MinecraftServer.pollTaskInternal(MinecraftServer.java:1338) ~[paper-1.19.2.jar:git-Paper-162]
	at net.minecraft.server.MinecraftServer.pollTask(MinecraftServer.java:1331) ~[paper-1.19.2.jar:git-Paper-162]
	at net.minecraft.util.thread.BlockableEventLoop.managedBlock(BlockableEventLoop.java:136) ~[?:?]
	at net.minecraft.server.MinecraftServer.waitUntilNextTick(MinecraftServer.java:1309) ~[paper-1.19.2.jar:git-Paper-162]
	at net.minecraft.server.MinecraftServer.runServer(MinecraftServer.java:1197) ~[paper-1.19.2.jar:git-Paper-162]
	at net.minecraft.server.MinecraftServer.lambda$spin$0(MinecraftServer.java:305) ~[paper-1.19.2.jar:git-Paper-162]
	at java.lang.Thread.run(Thread.java:833) ~[?:?]
[16:59:34] [Server thread/INFO]: Anirataak lost connection: Disconnected
[16:59:35] [User Authenticator #2/INFO]: UUID of player Anirataak is 68eb49a6-54e4-470c-a4ef-3525cf74bbb5
[16:59:35] [Server thread/INFO]: Anirataak[/127.0.0.1:64003] logged in with entity id 106 at ([world]735.5, 23.0, -1012.5)
[17:16:03] [Server thread/ERROR]: Could not pass event PlayerInteractEvent to Lobby vv0.1
java.lang.NullPointerException: Cannot invoke "org.bukkit.inventory.meta.ItemMeta.getDisplayName()" because "itemMeta" is null
	at de.regitstudios.lobby.listener.NavigatorListener.onNavigatorMoved(NavigatorListener.java:33) ~[Lobby-v0.1.jar:?]
	at com.destroystokyo.paper.event.executor.asm.generated.GeneratedEventExecutor31.execute(Unknown Source) ~[?:?]
	at org.bukkit.plugin.EventExecutor.lambda$create$1(EventExecutor.java:75) ~[paper-api-1.19.2-R0.1-SNAPSHOT.jar:?]
	at co.aikar.timings.TimedEventExecutor.execute(TimedEventExecutor.java:80) ~[paper-api-1.19.2-R0.1-SNAPSHOT.jar:git-Paper-162]
	at org.bukkit.plugin.RegisteredListener.callEvent(RegisteredListener.java:70) ~[paper-api-1.19.2-R0.1-SNAPSHOT.jar:?]
	at org.bukkit.plugin.SimplePluginManager.callEvent(SimplePluginManager.java:670) ~[paper-api-1.19.2-R0.1-SNAPSHOT.jar:?]
	at org.bukkit.craftbukkit.v1_19_R1.event.CraftEventFactory.callPlayerInteractEvent(CraftEventFactory.java:544) ~[paper-1.19.2.jar:git-Paper-162]
	at net.minecraft.server.level.ServerPlayerGameMode.useItemOn(ServerPlayerGameMode.java:525) ~[?:?]
	at net.minecraft.server.network.ServerGamePacketListenerImpl.handleUseItemOn(ServerGamePacketListenerImpl.java:1968) ~[?:?]
	at net.minecraft.network.protocol.game.ServerboundUseItemOnPacket.handle(ServerboundUseItemOnPacket.java:37) ~[?:?]
	at net.minecraft.network.protocol.game.ServerboundUseItemOnPacket.a(ServerboundUseItemOnPacket.java:9) ~[?:?]
	at net.minecraft.network.protocol.PacketUtils.lambda$ensureRunningOnSameThread$1(PacketUtils.java:51) ~[?:?]
	at net.minecraft.server.TickTask.run(TickTask.java:18) ~[paper-1.19.2.jar:git-Paper-162]
	at net.minecraft.util.thread.BlockableEventLoop.doRunTask(BlockableEventLoop.java:153) ~[?:?]
	at net.minecraft.util.thread.ReentrantBlockableEventLoop.doRunTask(ReentrantBlockableEventLoop.java:24) ~[?:?]
	at net.minecraft.server.MinecraftServer.doRunTask(MinecraftServer.java:1361) ~[paper-1.19.2.jar:git-Paper-162]
	at net.minecraft.server.MinecraftServer.d(MinecraftServer.java:185) ~[paper-1.19.2.jar:git-Paper-162]
	at net.minecraft.util.thread.BlockableEventLoop.pollTask(BlockableEventLoop.java:126) ~[?:?]
	at net.minecraft.server.MinecraftServer.pollTaskInternal(MinecraftServer.java:1338) ~[paper-1.19.2.jar:git-Paper-162]
	at net.minecraft.server.MinecraftServer.pollTask(MinecraftServer.java:1331) ~[paper-1.19.2.jar:git-Paper-162]
	at net.minecraft.util.thread.BlockableEventLoop.managedBlock(BlockableEventLoop.java:136) ~[?:?]
	at net.minecraft.server.MinecraftServer.waitUntilNextTick(MinecraftServer.java:1309) ~[paper-1.19.2.jar:git-Paper-162]
	at net.minecraft.server.MinecraftServer.runServer(MinecraftServer.java:1197) ~[paper-1.19.2.jar:git-Paper-162]
	at net.minecraft.server.MinecraftServer.lambda$spin$0(MinecraftServer.java:305) ~[paper-1.19.2.jar:git-Paper-162]
	at java.lang.Thread.run(Thread.java:833) ~[?:?]
[17:16:04] [Server thread/ERROR]: Could not pass event PlayerInteractEvent to Lobby vv0.1
java.lang.NullPointerException: Cannot invoke "org.bukkit.inventory.meta.ItemMeta.getDisplayName()" because "itemMeta" is null
	at de.regitstudios.lobby.listener.NavigatorListener.onNavigatorMoved(NavigatorListener.java:33) ~[Lobby-v0.1.jar:?]
	at com.destroystokyo.paper.event.executor.asm.generated.GeneratedEventExecutor31.execute(Unknown Source) ~[?:?]
	at org.bukkit.plugin.EventExecutor.lambda$create$1(EventExecutor.java:75) ~[paper-api-1.19.2-R0.1-SNAPSHOT.jar:?]
	at co.aikar.timings.TimedEventExecutor.execute(TimedEventExecutor.java:80) ~[paper-api-1.19.2-R0.1-SNAPSHOT.jar:git-Paper-162]
	at org.bukkit.plugin.RegisteredListener.callEvent(RegisteredListener.java:70) ~[paper-api-1.19.2-R0.1-SNAPSHOT.jar:?]
	at org.bukkit.plugin.SimplePluginManager.callEvent(SimplePluginManager.java:670) ~[paper-api-1.19.2-R0.1-SNAPSHOT.jar:?]
	at org.bukkit.craftbukkit.v1_19_R1.event.CraftEventFactory.callPlayerInteractEvent(CraftEventFactory.java:544) ~[paper-1.19.2.jar:git-Paper-162]
	at net.minecraft.server.level.ServerPlayerGameMode.useItemOn(ServerPlayerGameMode.java:525) ~[?:?]
	at net.minecraft.server.network.ServerGamePacketListenerImpl.handleUseItemOn(ServerGamePacketListenerImpl.java:1968) ~[?:?]
	at net.minecraft.network.protocol.game.ServerboundUseItemOnPacket.handle(ServerboundUseItemOnPacket.java:37) ~[?:?]
	at net.minecraft.network.protocol.game.ServerboundUseItemOnPacket.a(ServerboundUseItemOnPacket.java:9) ~[?:?]
	at net.minecraft.network.protocol.PacketUtils.lambda$ensureRunningOnSameThread$1(PacketUtils.java:51) ~[?:?]
	at net.minecraft.server.TickTask.run(TickTask.java:18) ~[paper-1.19.2.jar:git-Paper-162]
	at net.minecraft.util.thread.BlockableEventLoop.doRunTask(BlockableEventLoop.java:153) ~[?:?]
	at net.minecraft.util.thread.ReentrantBlockableEventLoop.doRunTask(ReentrantBlockableEventLoop.java:24) ~[?:?]
	at net.minecraft.server.MinecraftServer.doRunTask(MinecraftServer.java:1361) ~[paper-1.19.2.jar:git-Paper-162]
	at net.minecraft.server.MinecraftServer.d(MinecraftServer.java:185) ~[paper-1.19.2.jar:git-Paper-162]
	at net.minecraft.util.thread.BlockableEventLoop.pollTask(BlockableEventLoop.java:126) ~[?:?]
	at net.minecraft.server.MinecraftServer.pollTaskInternal(MinecraftServer.java:1338) ~[paper-1.19.2.jar:git-Paper-162]
	at net.minecraft.server.MinecraftServer.pollTask(MinecraftServer.java:1331) ~[paper-1.19.2.jar:git-Paper-162]
	at net.minecraft.util.thread.BlockableEventLoop.managedBlock(BlockableEventLoop.java:136) ~[?:?]
	at net.minecraft.server.MinecraftServer.waitUntilNextTick(MinecraftServer.java:1309) ~[paper-1.19.2.jar:git-Paper-162]
	at net.minecraft.server.MinecraftServer.runServer(MinecraftServer.java:1197) ~[paper-1.19.2.jar:git-Paper-162]
	at net.minecraft.server.MinecraftServer.lambda$spin$0(MinecraftServer.java:305) ~[paper-1.19.2.jar:git-Paper-162]
	at java.lang.Thread.run(Thread.java:833) ~[?:?]
[17:16:04] [Server thread/ERROR]: Could not pass event PlayerInteractEvent to Lobby vv0.1
java.lang.NullPointerException: Cannot invoke "org.bukkit.inventory.meta.ItemMeta.getDisplayName()" because "itemMeta" is null
	at de.regitstudios.lobby.listener.NavigatorListener.onNavigatorMoved(NavigatorListener.java:33) ~[Lobby-v0.1.jar:?]
	at com.destroystokyo.paper.event.executor.asm.generated.GeneratedEventExecutor31.execute(Unknown Source) ~[?:?]
	at org.bukkit.plugin.EventExecutor.lambda$create$1(EventExecutor.java:75) ~[paper-api-1.19.2-R0.1-SNAPSHOT.jar:?]
	at co.aikar.timings.TimedEventExecutor.execute(TimedEventExecutor.java:80) ~[paper-api-1.19.2-R0.1-SNAPSHOT.jar:git-Paper-162]
	at org.bukkit.plugin.RegisteredListener.callEvent(RegisteredListener.java:70) ~[paper-api-1.19.2-R0.1-SNAPSHOT.jar:?]
	at org.bukkit.plugin.SimplePluginManager.callEvent(SimplePluginManager.java:670) ~[paper-api-1.19.2-R0.1-SNAPSHOT.jar:?]
	at org.bukkit.craftbukkit.v1_19_R1.event.CraftEventFactory.callPlayerInteractEvent(CraftEventFactory.java:544) ~[paper-1.19.2.jar:git-Paper-162]
	at org.bukkit.craftbukkit.v1_19_R1.event.CraftEventFactory.callPlayerInteractEvent(CraftEventFactory.java:507) ~[paper-1.19.2.jar:git-Paper-162]
	at org.bukkit.craftbukkit.v1_19_R1.event.CraftEventFactory.callPlayerInteractEvent(CraftEventFactory.java:502) ~[paper-1.19.2.jar:git-Paper-162]
	at org.bukkit.craftbukkit.v1_19_R1.event.CraftEventFactory.callPlayerInteractEvent(CraftEventFactory.java:498) ~[paper-1.19.2.jar:git-Paper-162]
	at net.minecraft.server.network.ServerGamePacketListenerImpl.handleAnimate(ServerGamePacketListenerImpl.java:2756) ~[?:?]
	at net.minecraft.network.protocol.game.ServerboundSwingPacket.handle(ServerboundSwingPacket.java:25) ~[?:?]
	at net.minecraft.network.protocol.game.ServerboundSwingPacket.a(ServerboundSwingPacket.java:11) ~[?:?]
	at net.minecraft.network.protocol.PacketUtils.lambda$ensureRunningOnSameThread$1(PacketUtils.java:51) ~[?:?]
	at net.minecraft.server.TickTask.run(TickTask.java:18) ~[paper-1.19.2.jar:git-Paper-162]
	at net.minecraft.util.thread.BlockableEventLoop.doRunTask(BlockableEventLoop.java:153) ~[?:?]
	at net.minecraft.util.thread.ReentrantBlockableEventLoop.doRunTask(ReentrantBlockableEventLoop.java:24) ~[?:?]
	at net.minecraft.server.MinecraftServer.doRunTask(MinecraftServer.java:1361) ~[paper-1.19.2.jar:git-Paper-162]
	at net.minecraft.server.MinecraftServer.d(MinecraftServer.java:185) ~[paper-1.19.2.jar:git-Paper-162]
	at net.minecraft.util.thread.BlockableEventLoop.pollTask(BlockableEventLoop.java:126) ~[?:?]
	at net.minecraft.server.MinecraftServer.pollTaskInternal(MinecraftServer.java:1338) ~[paper-1.19.2.jar:git-Paper-162]
	at net.minecraft.server.MinecraftServer.pollTask(MinecraftServer.java:1331) ~[paper-1.19.2.jar:git-Paper-162]
	at net.minecraft.util.thread.BlockableEventLoop.managedBlock(BlockableEventLoop.java:136) ~[?:?]
	at net.minecraft.server.MinecraftServer.waitUntilNextTick(MinecraftServer.java:1309) ~[paper-1.19.2.jar:git-Paper-162]
	at net.minecraft.server.MinecraftServer.runServer(MinecraftServer.java:1197) ~[paper-1.19.2.jar:git-Paper-162]
	at net.minecraft.server.MinecraftServer.lambda$spin$0(MinecraftServer.java:305) ~[paper-1.19.2.jar:git-Paper-162]
	at java.lang.Thread.run(Thread.java:833) ~[?:?]
[17:16:06] [Server thread/INFO]: Anirataak issued server command: /reload confirm
[17:16:06] [Server thread/INFO]: Anirataak: Please note that this command is not supported and may cause issues when using some plugins.
[17:16:06] [Server thread/INFO]: Anirataak: If you encounter any issues please use the /stop command to restart your server.
[17:16:06] [Server thread/INFO]: Server Ping Player Sample Count: 12
[17:16:06] [Server thread/INFO]: Using 4 threads for Netty based IO
[17:16:07] [Server thread/INFO]: [Lobby] Disabling Lobby vv0.1
[17:16:07] [Server thread/INFO]: Loaded 7 recipes
[17:16:07] [Server thread/INFO]: [Lobby] Loading Lobby vv0.1
[17:16:07] [Server thread/INFO]: Server permissions file permissions.yml is empty, ignoring it
[17:16:07] [Server thread/INFO]: [Lobby] Enabling Lobby vv0.1
[17:16:07] [Server thread/INFO]: Anirataak: Reload complete.
[17:16:07] [Server thread/INFO]: Timings Reset
[17:16:08] [Server thread/ERROR]: Could not pass event PlayerInteractEvent to Lobby vv0.1
java.lang.IndexOutOfBoundsException: Index 0 out of bounds for length 0
	at jdk.internal.util.Preconditions.outOfBounds(Preconditions.java:64) ~[?:?]
	at jdk.internal.util.Preconditions.outOfBoundsCheckIndex(Preconditions.java:70) ~[?:?]
	at jdk.internal.util.Preconditions.checkIndex(Preconditions.java:266) ~[?:?]
	at java.util.Objects.checkIndex(Objects.java:359) ~[?:?]
	at java.util.ArrayList.set(ArrayList.java:441) ~[?:?]
	at de.regitstudios.lobby.services.ServerNavigatorService.initializeDefaultInventoryItems(ServerNavigatorService.java:58) ~[Lobby-v0.1.jar:?]
	at de.regitstudios.lobby.services.ServerNavigatorService.showNavigatorInventory(ServerNavigatorService.java:44) ~[Lobby-v0.1.jar:?]
	at de.regitstudios.lobby.listener.NavigatorListener.onNavigatorMoved(NavigatorListener.java:36) ~[Lobby-v0.1.jar:?]
	at com.destroystokyo.paper.event.executor.asm.generated.GeneratedEventExecutor39.execute(Unknown Source) ~[?:?]
	at org.bukkit.plugin.EventExecutor.lambda$create$1(EventExecutor.java:75) ~[paper-api-1.19.2-R0.1-SNAPSHOT.jar:?]
	at co.aikar.timings.TimedEventExecutor.execute(TimedEventExecutor.java:80) ~[paper-api-1.19.2-R0.1-SNAPSHOT.jar:git-Paper-162]
	at org.bukkit.plugin.RegisteredListener.callEvent(RegisteredListener.java:70) ~[paper-api-1.19.2-R0.1-SNAPSHOT.jar:?]
	at org.bukkit.plugin.SimplePluginManager.callEvent(SimplePluginManager.java:670) ~[paper-api-1.19.2-R0.1-SNAPSHOT.jar:?]
	at org.bukkit.craftbukkit.v1_19_R1.event.CraftEventFactory.callPlayerInteractEvent(CraftEventFactory.java:544) ~[paper-1.19.2.jar:git-Paper-162]
	at org.bukkit.craftbukkit.v1_19_R1.event.CraftEventFactory.callPlayerInteractEvent(CraftEventFactory.java:507) ~[paper-1.19.2.jar:git-Paper-162]
	at org.bukkit.craftbukkit.v1_19_R1.event.CraftEventFactory.callPlayerInteractEvent(CraftEventFactory.java:502) ~[paper-1.19.2.jar:git-Paper-162]
	at org.bukkit.craftbukkit.v1_19_R1.event.CraftEventFactory.callPlayerInteractEvent(CraftEventFactory.java:498) ~[paper-1.19.2.jar:git-Paper-162]
	at net.minecraft.server.network.ServerGamePacketListenerImpl.handleUseItem(ServerGamePacketListenerImpl.java:2025) ~[?:?]
	at net.minecraft.network.protocol.game.ServerboundUseItemPacket.handle(ServerboundUseItemPacket.java:32) ~[?:?]
	at net.minecraft.network.protocol.game.ServerboundUseItemPacket.a(ServerboundUseItemPacket.java:8) ~[?:?]
	at net.minecraft.network.protocol.PacketUtils.lambda$ensureRunningOnSameThread$1(PacketUtils.java:51) ~[?:?]
	at net.minecraft.server.TickTask.run(TickTask.java:18) ~[paper-1.19.2.jar:git-Paper-162]
	at net.minecraft.util.thread.BlockableEventLoop.doRunTask(BlockableEventLoop.java:153) ~[?:?]
	at net.minecraft.util.thread.ReentrantBlockableEventLoop.doRunTask(ReentrantBlockableEventLoop.java:24) ~[?:?]
	at net.minecraft.server.MinecraftServer.doRunTask(MinecraftServer.java:1361) ~[paper-1.19.2.jar:git-Paper-162]
	at net.minecraft.server.MinecraftServer.d(MinecraftServer.java:185) ~[paper-1.19.2.jar:git-Paper-162]
	at net.minecraft.util.thread.BlockableEventLoop.pollTask(BlockableEventLoop.java:126) ~[?:?]
	at net.minecraft.server.MinecraftServer.pollTaskInternal(MinecraftServer.java:1338) ~[paper-1.19.2.jar:git-Paper-162]
	at net.minecraft.server.MinecraftServer.pollTask(MinecraftServer.java:1331) ~[paper-1.19.2.jar:git-Paper-162]
	at net.minecraft.util.thread.BlockableEventLoop.managedBlock(BlockableEventLoop.java:136) ~[?:?]
	at net.minecraft.server.MinecraftServer.waitUntilNextTick(MinecraftServer.java:1309) ~[paper-1.19.2.jar:git-Paper-162]
	at net.minecraft.server.MinecraftServer.runServer(MinecraftServer.java:1197) ~[paper-1.19.2.jar:git-Paper-162]
	at net.minecraft.server.MinecraftServer.lambda$spin$0(MinecraftServer.java:305) ~[paper-1.19.2.jar:git-Paper-162]
	at java.lang.Thread.run(Thread.java:833) ~[?:?]
[17:16:09] [Server thread/ERROR]: Could not pass event PlayerInteractEvent to Lobby vv0.1
java.lang.IndexOutOfBoundsException: Index 0 out of bounds for length 0
	at jdk.internal.util.Preconditions.outOfBounds(Preconditions.java:64) ~[?:?]
	at jdk.internal.util.Preconditions.outOfBoundsCheckIndex(Preconditions.java:70) ~[?:?]
	at jdk.internal.util.Preconditions.checkIndex(Preconditions.java:266) ~[?:?]
	at java.util.Objects.checkIndex(Objects.java:359) ~[?:?]
	at java.util.ArrayList.set(ArrayList.java:441) ~[?:?]
	at de.regitstudios.lobby.services.ServerNavigatorService.initializeDefaultInventoryItems(ServerNavigatorService.java:58) ~[Lobby-v0.1.jar:?]
	at de.regitstudios.lobby.services.ServerNavigatorService.showNavigatorInventory(ServerNavigatorService.java:44) ~[Lobby-v0.1.jar:?]
	at de.regitstudios.lobby.listener.NavigatorListener.onNavigatorMoved(NavigatorListener.java:36) ~[Lobby-v0.1.jar:?]
	at com.destroystokyo.paper.event.executor.asm.generated.GeneratedEventExecutor39.execute(Unknown Source) ~[?:?]
	at org.bukkit.plugin.EventExecutor.lambda$create$1(EventExecutor.java:75) ~[paper-api-1.19.2-R0.1-SNAPSHOT.jar:?]
	at co.aikar.timings.TimedEventExecutor.execute(TimedEventExecutor.java:80) ~[paper-api-1.19.2-R0.1-SNAPSHOT.jar:git-Paper-162]
	at org.bukkit.plugin.RegisteredListener.callEvent(RegisteredListener.java:70) ~[paper-api-1.19.2-R0.1-SNAPSHOT.jar:?]
	at org.bukkit.plugin.SimplePluginManager.callEvent(SimplePluginManager.java:670) ~[paper-api-1.19.2-R0.1-SNAPSHOT.jar:?]
	at org.bukkit.craftbukkit.v1_19_R1.event.CraftEventFactory.callPlayerInteractEvent(CraftEventFactory.java:544) ~[paper-1.19.2.jar:git-Paper-162]
	at org.bukkit.craftbukkit.v1_19_R1.event.CraftEventFactory.callPlayerInteractEvent(CraftEventFactory.java:507) ~[paper-1.19.2.jar:git-Paper-162]
	at org.bukkit.craftbukkit.v1_19_R1.event.CraftEventFactory.callPlayerInteractEvent(CraftEventFactory.java:502) ~[paper-1.19.2.jar:git-Paper-162]
	at org.bukkit.craftbukkit.v1_19_R1.event.CraftEventFactory.callPlayerInteractEvent(CraftEventFactory.java:498) ~[paper-1.19.2.jar:git-Paper-162]
	at net.minecraft.server.network.ServerGamePacketListenerImpl.handleUseItem(ServerGamePacketListenerImpl.java:2025) ~[?:?]
	at net.minecraft.network.protocol.game.ServerboundUseItemPacket.handle(ServerboundUseItemPacket.java:32) ~[?:?]
	at net.minecraft.network.protocol.game.ServerboundUseItemPacket.a(ServerboundUseItemPacket.java:8) ~[?:?]
	at net.minecraft.network.protocol.PacketUtils.lambda$ensureRunningOnSameThread$1(PacketUtils.java:51) ~[?:?]
	at net.minecraft.server.TickTask.run(TickTask.java:18) ~[paper-1.19.2.jar:git-Paper-162]
	at net.minecraft.util.thread.BlockableEventLoop.doRunTask(BlockableEventLoop.java:153) ~[?:?]
	at net.minecraft.util.thread.ReentrantBlockableEventLoop.doRunTask(ReentrantBlockableEventLoop.java:24) ~[?:?]
	at net.minecraft.server.MinecraftServer.doRunTask(MinecraftServer.java:1361) ~[paper-1.19.2.jar:git-Paper-162]
	at net.minecraft.server.MinecraftServer.d(MinecraftServer.java:185) ~[paper-1.19.2.jar:git-Paper-162]
	at net.minecraft.util.thread.BlockableEventLoop.pollTask(BlockableEventLoop.java:126) ~[?:?]
	at net.minecraft.server.MinecraftServer.pollTaskInternal(MinecraftServer.java:1338) ~[paper-1.19.2.jar:git-Paper-162]
	at net.minecraft.server.MinecraftServer.pollTask(MinecraftServer.java:1331) ~[paper-1.19.2.jar:git-Paper-162]
	at net.minecraft.util.thread.BlockableEventLoop.managedBlock(BlockableEventLoop.java:136) ~[?:?]
	at net.minecraft.server.MinecraftServer.waitUntilNextTick(MinecraftServer.java:1309) ~[paper-1.19.2.jar:git-Paper-162]
	at net.minecraft.server.MinecraftServer.runServer(MinecraftServer.java:1197) ~[paper-1.19.2.jar:git-Paper-162]
	at net.minecraft.server.MinecraftServer.lambda$spin$0(MinecraftServer.java:305) ~[paper-1.19.2.jar:git-Paper-162]
	at java.lang.Thread.run(Thread.java:833) ~[?:?]
[17:16:09] [Server thread/ERROR]: Could not pass event PlayerInteractEvent to Lobby vv0.1
java.lang.IndexOutOfBoundsException: Index 0 out of bounds for length 0
	at jdk.internal.util.Preconditions.outOfBounds(Preconditions.java:64) ~[?:?]
	at jdk.internal.util.Preconditions.outOfBoundsCheckIndex(Preconditions.java:70) ~[?:?]
	at jdk.internal.util.Preconditions.checkIndex(Preconditions.java:266) ~[?:?]
	at java.util.Objects.checkIndex(Objects.java:359) ~[?:?]
	at java.util.ArrayList.set(ArrayList.java:441) ~[?:?]
	at de.regitstudios.lobby.services.ServerNavigatorService.initializeDefaultInventoryItems(ServerNavigatorService.java:58) ~[Lobby-v0.1.jar:?]
	at de.regitstudios.lobby.services.ServerNavigatorService.showNavigatorInventory(ServerNavigatorService.java:44) ~[Lobby-v0.1.jar:?]
	at de.regitstudios.lobby.listener.NavigatorListener.onNavigatorMoved(NavigatorListener.java:36) ~[Lobby-v0.1.jar:?]
	at com.destroystokyo.paper.event.executor.asm.generated.GeneratedEventExecutor39.execute(Unknown Source) ~[?:?]
	at org.bukkit.plugin.EventExecutor.lambda$create$1(EventExecutor.java:75) ~[paper-api-1.19.2-R0.1-SNAPSHOT.jar:?]
	at co.aikar.timings.TimedEventExecutor.execute(TimedEventExecutor.java:80) ~[paper-api-1.19.2-R0.1-SNAPSHOT.jar:git-Paper-162]
	at org.bukkit.plugin.RegisteredListener.callEvent(RegisteredListener.java:70) ~[paper-api-1.19.2-R0.1-SNAPSHOT.jar:?]
	at org.bukkit.plugin.SimplePluginManager.callEvent(SimplePluginManager.java:670) ~[paper-api-1.19.2-R0.1-SNAPSHOT.jar:?]
	at org.bukkit.craftbukkit.v1_19_R1.event.CraftEventFactory.callPlayerInteractEvent(CraftEventFactory.java:544) ~[paper-1.19.2.jar:git-Paper-162]
	at org.bukkit.craftbukkit.v1_19_R1.event.CraftEventFactory.callPlayerInteractEvent(CraftEventFactory.java:507) ~[paper-1.19.2.jar:git-Paper-162]
	at org.bukkit.craftbukkit.v1_19_R1.event.CraftEventFactory.callPlayerInteractEvent(CraftEventFactory.java:502) ~[paper-1.19.2.jar:git-Paper-162]
	at org.bukkit.craftbukkit.v1_19_R1.event.CraftEventFactory.callPlayerInteractEvent(CraftEventFactory.java:498) ~[paper-1.19.2.jar:git-Paper-162]
	at net.minecraft.server.network.ServerGamePacketListenerImpl.handleUseItem(ServerGamePacketListenerImpl.java:2025) ~[?:?]
	at net.minecraft.network.protocol.game.ServerboundUseItemPacket.handle(ServerboundUseItemPacket.java:32) ~[?:?]
	at net.minecraft.network.protocol.game.ServerboundUseItemPacket.a(ServerboundUseItemPacket.java:8) ~[?:?]
	at net.minecraft.network.protocol.PacketUtils.lambda$ensureRunningOnSameThread$1(PacketUtils.java:51) ~[?:?]
	at net.minecraft.server.TickTask.run(TickTask.java:18) ~[paper-1.19.2.jar:git-Paper-162]
	at net.minecraft.util.thread.BlockableEventLoop.doRunTask(BlockableEventLoop.java:153) ~[?:?]
	at net.minecraft.util.thread.ReentrantBlockableEventLoop.doRunTask(ReentrantBlockableEventLoop.java:24) ~[?:?]
	at net.minecraft.server.MinecraftServer.doRunTask(MinecraftServer.java:1361) ~[paper-1.19.2.jar:git-Paper-162]
	at net.minecraft.server.MinecraftServer.d(MinecraftServer.java:185) ~[paper-1.19.2.jar:git-Paper-162]
	at net.minecraft.util.thread.BlockableEventLoop.pollTask(BlockableEventLoop.java:126) ~[?:?]
	at net.minecraft.server.MinecraftServer.pollTaskInternal(MinecraftServer.java:1338) ~[paper-1.19.2.jar:git-Paper-162]
	at net.minecraft.server.MinecraftServer.pollTask(MinecraftServer.java:1331) ~[paper-1.19.2.jar:git-Paper-162]
	at net.minecraft.util.thread.BlockableEventLoop.managedBlock(BlockableEventLoop.java:136) ~[?:?]
	at net.minecraft.server.MinecraftServer.waitUntilNextTick(MinecraftServer.java:1309) ~[paper-1.19.2.jar:git-Paper-162]
	at net.minecraft.server.MinecraftServer.runServer(MinecraftServer.java:1197) ~[paper-1.19.2.jar:git-Paper-162]
	at net.minecraft.server.MinecraftServer.lambda$spin$0(MinecraftServer.java:305) ~[paper-1.19.2.jar:git-Paper-162]
	at java.lang.Thread.run(Thread.java:833) ~[?:?]
[17:16:09] [Server thread/ERROR]: Could not pass event PlayerInteractEvent to Lobby vv0.1
java.lang.IndexOutOfBoundsException: Index 0 out of bounds for length 0
	at jdk.internal.util.Preconditions.outOfBounds(Preconditions.java:64) ~[?:?]
	at jdk.internal.util.Preconditions.outOfBoundsCheckIndex(Preconditions.java:70) ~[?:?]
	at jdk.internal.util.Preconditions.checkIndex(Preconditions.java:266) ~[?:?]
	at java.util.Objects.checkIndex(Objects.java:359) ~[?:?]
	at java.util.ArrayList.set(ArrayList.java:441) ~[?:?]
	at de.regitstudios.lobby.services.ServerNavigatorService.initializeDefaultInventoryItems(ServerNavigatorService.java:58) ~[Lobby-v0.1.jar:?]
	at de.regitstudios.lobby.services.ServerNavigatorService.showNavigatorInventory(ServerNavigatorService.java:44) ~[Lobby-v0.1.jar:?]
	at de.regitstudios.lobby.listener.NavigatorListener.onNavigatorMoved(NavigatorListener.java:36) ~[Lobby-v0.1.jar:?]
	at com.destroystokyo.paper.event.executor.asm.generated.GeneratedEventExecutor39.execute(Unknown Source) ~[?:?]
	at org.bukkit.plugin.EventExecutor.lambda$create$1(EventExecutor.java:75) ~[paper-api-1.19.2-R0.1-SNAPSHOT.jar:?]
	at co.aikar.timings.TimedEventExecutor.execute(TimedEventExecutor.java:80) ~[paper-api-1.19.2-R0.1-SNAPSHOT.jar:git-Paper-162]
	at org.bukkit.plugin.RegisteredListener.callEvent(RegisteredListener.java:70) ~[paper-api-1.19.2-R0.1-SNAPSHOT.jar:?]
	at org.bukkit.plugin.SimplePluginManager.callEvent(SimplePluginManager.java:670) ~[paper-api-1.19.2-R0.1-SNAPSHOT.jar:?]
	at org.bukkit.craftbukkit.v1_19_R1.event.CraftEventFactory.callPlayerInteractEvent(CraftEventFactory.java:544) ~[paper-1.19.2.jar:git-Paper-162]
	at org.bukkit.craftbukkit.v1_19_R1.event.CraftEventFactory.callPlayerInteractEvent(CraftEventFactory.java:507) ~[paper-1.19.2.jar:git-Paper-162]
	at org.bukkit.craftbukkit.v1_19_R1.event.CraftEventFactory.callPlayerInteractEvent(CraftEventFactory.java:502) ~[paper-1.19.2.jar:git-Paper-162]
	at org.bukkit.craftbukkit.v1_19_R1.event.CraftEventFactory.callPlayerInteractEvent(CraftEventFactory.java:498) ~[paper-1.19.2.jar:git-Paper-162]
	at net.minecraft.server.network.ServerGamePacketListenerImpl.handleUseItem(ServerGamePacketListenerImpl.java:2025) ~[?:?]
	at net.minecraft.network.protocol.game.ServerboundUseItemPacket.handle(ServerboundUseItemPacket.java:32) ~[?:?]
	at net.minecraft.network.protocol.game.ServerboundUseItemPacket.a(ServerboundUseItemPacket.java:8) ~[?:?]
	at net.minecraft.network.protocol.PacketUtils.lambda$ensureRunningOnSameThread$1(PacketUtils.java:51) ~[?:?]
	at net.minecraft.server.TickTask.run(TickTask.java:18) ~[paper-1.19.2.jar:git-Paper-162]
	at net.minecraft.util.thread.BlockableEventLoop.doRunTask(BlockableEventLoop.java:153) ~[?:?]
	at net.minecraft.util.thread.ReentrantBlockableEventLoop.doRunTask(ReentrantBlockableEventLoop.java:24) ~[?:?]
	at net.minecraft.server.MinecraftServer.doRunTask(MinecraftServer.java:1361) ~[paper-1.19.2.jar:git-Paper-162]
	at net.minecraft.server.MinecraftServer.d(MinecraftServer.java:185) ~[paper-1.19.2.jar:git-Paper-162]
	at net.minecraft.util.thread.BlockableEventLoop.pollTask(BlockableEventLoop.java:126) ~[?:?]
	at net.minecraft.server.MinecraftServer.pollTaskInternal(MinecraftServer.java:1338) ~[paper-1.19.2.jar:git-Paper-162]
	at net.minecraft.server.MinecraftServer.pollTask(MinecraftServer.java:1331) ~[paper-1.19.2.jar:git-Paper-162]
	at net.minecraft.util.thread.BlockableEventLoop.managedBlock(BlockableEventLoop.java:136) ~[?:?]
	at net.minecraft.server.MinecraftServer.waitUntilNextTick(MinecraftServer.java:1309) ~[paper-1.19.2.jar:git-Paper-162]
	at net.minecraft.server.MinecraftServer.runServer(MinecraftServer.java:1197) ~[paper-1.19.2.jar:git-Paper-162]
	at net.minecraft.server.MinecraftServer.lambda$spin$0(MinecraftServer.java:305) ~[paper-1.19.2.jar:git-Paper-162]
	at java.lang.Thread.run(Thread.java:833) ~[?:?]
[17:16:10] [Server thread/ERROR]: Could not pass event PlayerInteractEvent to Lobby vv0.1
java.lang.IndexOutOfBoundsException: Index 0 out of bounds for length 0
	at jdk.internal.util.Preconditions.outOfBounds(Preconditions.java:64) ~[?:?]
	at jdk.internal.util.Preconditions.outOfBoundsCheckIndex(Preconditions.java:70) ~[?:?]
	at jdk.internal.util.Preconditions.checkIndex(Preconditions.java:266) ~[?:?]
	at java.util.Objects.checkIndex(Objects.java:359) ~[?:?]
	at java.util.ArrayList.set(ArrayList.java:441) ~[?:?]
	at de.regitstudios.lobby.services.ServerNavigatorService.initializeDefaultInventoryItems(ServerNavigatorService.java:58) ~[Lobby-v0.1.jar:?]
	at de.regitstudios.lobby.services.ServerNavigatorService.showNavigatorInventory(ServerNavigatorService.java:44) ~[Lobby-v0.1.jar:?]
	at de.regitstudios.lobby.listener.NavigatorListener.onNavigatorMoved(NavigatorListener.java:36) ~[Lobby-v0.1.jar:?]
	at com.destroystokyo.paper.event.executor.asm.generated.GeneratedEventExecutor39.execute(Unknown Source) ~[?:?]
	at org.bukkit.plugin.EventExecutor.lambda$create$1(EventExecutor.java:75) ~[paper-api-1.19.2-R0.1-SNAPSHOT.jar:?]
	at co.aikar.timings.TimedEventExecutor.execute(TimedEventExecutor.java:80) ~[paper-api-1.19.2-R0.1-SNAPSHOT.jar:git-Paper-162]
	at org.bukkit.plugin.RegisteredListener.callEvent(RegisteredListener.java:70) ~[paper-api-1.19.2-R0.1-SNAPSHOT.jar:?]
	at org.bukkit.plugin.SimplePluginManager.callEvent(SimplePluginManager.java:670) ~[paper-api-1.19.2-R0.1-SNAPSHOT.jar:?]
	at org.bukkit.craftbukkit.v1_19_R1.event.CraftEventFactory.callPlayerInteractEvent(CraftEventFactory.java:544) ~[paper-1.19.2.jar:git-Paper-162]
	at org.bukkit.craftbukkit.v1_19_R1.event.CraftEventFactory.callPlayerInteractEvent(CraftEventFactory.java:507) ~[paper-1.19.2.jar:git-Paper-162]
	at org.bukkit.craftbukkit.v1_19_R1.event.CraftEventFactory.callPlayerInteractEvent(CraftEventFactory.java:502) ~[paper-1.19.2.jar:git-Paper-162]
	at org.bukkit.craftbukkit.v1_19_R1.event.CraftEventFactory.callPlayerInteractEvent(CraftEventFactory.java:498) ~[paper-1.19.2.jar:git-Paper-162]
	at net.minecraft.server.network.ServerGamePacketListenerImpl.handleUseItem(ServerGamePacketListenerImpl.java:2025) ~[?:?]
	at net.minecraft.network.protocol.game.ServerboundUseItemPacket.handle(ServerboundUseItemPacket.java:32) ~[?:?]
	at net.minecraft.network.protocol.game.ServerboundUseItemPacket.a(ServerboundUseItemPacket.java:8) ~[?:?]
	at net.minecraft.network.protocol.PacketUtils.lambda$ensureRunningOnSameThread$1(PacketUtils.java:51) ~[?:?]
	at net.minecraft.server.TickTask.run(TickTask.java:18) ~[paper-1.19.2.jar:git-Paper-162]
	at net.minecraft.util.thread.BlockableEventLoop.doRunTask(BlockableEventLoop.java:153) ~[?:?]
	at net.minecraft.util.thread.ReentrantBlockableEventLoop.doRunTask(ReentrantBlockableEventLoop.java:24) ~[?:?]
	at net.minecraft.server.MinecraftServer.doRunTask(MinecraftServer.java:1361) ~[paper-1.19.2.jar:git-Paper-162]
	at net.minecraft.server.MinecraftServer.d(MinecraftServer.java:185) ~[paper-1.19.2.jar:git-Paper-162]
	at net.minecraft.util.thread.BlockableEventLoop.pollTask(BlockableEventLoop.java:126) ~[?:?]
	at net.minecraft.server.MinecraftServer.pollTaskInternal(MinecraftServer.java:1338) ~[paper-1.19.2.jar:git-Paper-162]
	at net.minecraft.server.MinecraftServer.pollTask(MinecraftServer.java:1331) ~[paper-1.19.2.jar:git-Paper-162]
	at net.minecraft.util.thread.BlockableEventLoop.managedBlock(BlockableEventLoop.java:136) ~[?:?]
	at net.minecraft.server.MinecraftServer.waitUntilNextTick(MinecraftServer.java:1309) ~[paper-1.19.2.jar:git-Paper-162]
	at net.minecraft.server.MinecraftServer.runServer(MinecraftServer.java:1197) ~[paper-1.19.2.jar:git-Paper-162]
	at net.minecraft.server.MinecraftServer.lambda$spin$0(MinecraftServer.java:305) ~[paper-1.19.2.jar:git-Paper-162]
	at java.lang.Thread.run(Thread.java:833) ~[?:?]
[17:16:10] [Server thread/ERROR]: Could not pass event PlayerInteractEvent to Lobby vv0.1
java.lang.IndexOutOfBoundsException: Index 0 out of bounds for length 0
	at jdk.internal.util.Preconditions.outOfBounds(Preconditions.java:64) ~[?:?]
	at jdk.internal.util.Preconditions.outOfBoundsCheckIndex(Preconditions.java:70) ~[?:?]
	at jdk.internal.util.Preconditions.checkIndex(Preconditions.java:266) ~[?:?]
	at java.util.Objects.checkIndex(Objects.java:359) ~[?:?]
	at java.util.ArrayList.set(ArrayList.java:441) ~[?:?]
	at de.regitstudios.lobby.services.ServerNavigatorService.initializeDefaultInventoryItems(ServerNavigatorService.java:58) ~[Lobby-v0.1.jar:?]
	at de.regitstudios.lobby.services.ServerNavigatorService.showNavigatorInventory(ServerNavigatorService.java:44) ~[Lobby-v0.1.jar:?]
	at de.regitstudios.lobby.listener.NavigatorListener.onNavigatorMoved(NavigatorListener.java:36) ~[Lobby-v0.1.jar:?]
	at com.destroystokyo.paper.event.executor.asm.generated.GeneratedEventExecutor39.execute(Unknown Source) ~[?:?]
	at org.bukkit.plugin.EventExecutor.lambda$create$1(EventExecutor.java:75) ~[paper-api-1.19.2-R0.1-SNAPSHOT.jar:?]
	at co.aikar.timings.TimedEventExecutor.execute(TimedEventExecutor.java:80) ~[paper-api-1.19.2-R0.1-SNAPSHOT.jar:git-Paper-162]
	at org.bukkit.plugin.RegisteredListener.callEvent(RegisteredListener.java:70) ~[paper-api-1.19.2-R0.1-SNAPSHOT.jar:?]
	at org.bukkit.plugin.SimplePluginManager.callEvent(SimplePluginManager.java:670) ~[paper-api-1.19.2-R0.1-SNAPSHOT.jar:?]
	at org.bukkit.craftbukkit.v1_19_R1.event.CraftEventFactory.callPlayerInteractEvent(CraftEventFactory.java:544) ~[paper-1.19.2.jar:git-Paper-162]
	at org.bukkit.craftbukkit.v1_19_R1.event.CraftEventFactory.callPlayerInteractEvent(CraftEventFactory.java:507) ~[paper-1.19.2.jar:git-Paper-162]
	at org.bukkit.craftbukkit.v1_19_R1.event.CraftEventFactory.callPlayerInteractEvent(CraftEventFactory.java:502) ~[paper-1.19.2.jar:git-Paper-162]
	at org.bukkit.craftbukkit.v1_19_R1.event.CraftEventFactory.callPlayerInteractEvent(CraftEventFactory.java:498) ~[paper-1.19.2.jar:git-Paper-162]
	at net.minecraft.server.network.ServerGamePacketListenerImpl.handleUseItem(ServerGamePacketListenerImpl.java:2025) ~[?:?]
	at net.minecraft.network.protocol.game.ServerboundUseItemPacket.handle(ServerboundUseItemPacket.java:32) ~[?:?]
	at net.minecraft.network.protocol.game.ServerboundUseItemPacket.a(ServerboundUseItemPacket.java:8) ~[?:?]
	at net.minecraft.network.protocol.PacketUtils.lambda$ensureRunningOnSameThread$1(PacketUtils.java:51) ~[?:?]
	at net.minecraft.server.TickTask.run(TickTask.java:18) ~[paper-1.19.2.jar:git-Paper-162]
	at net.minecraft.util.thread.BlockableEventLoop.doRunTask(BlockableEventLoop.java:153) ~[?:?]
	at net.minecraft.util.thread.ReentrantBlockableEventLoop.doRunTask(ReentrantBlockableEventLoop.java:24) ~[?:?]
	at net.minecraft.server.MinecraftServer.doRunTask(MinecraftServer.java:1361) ~[paper-1.19.2.jar:git-Paper-162]
	at net.minecraft.server.MinecraftServer.d(MinecraftServer.java:185) ~[paper-1.19.2.jar:git-Paper-162]
	at net.minecraft.util.thread.BlockableEventLoop.pollTask(BlockableEventLoop.java:126) ~[?:?]
	at net.minecraft.server.MinecraftServer.pollTaskInternal(MinecraftServer.java:1338) ~[paper-1.19.2.jar:git-Paper-162]
	at net.minecraft.server.MinecraftServer.pollTask(MinecraftServer.java:1331) ~[paper-1.19.2.jar:git-Paper-162]
	at net.minecraft.util.thread.BlockableEventLoop.managedBlock(BlockableEventLoop.java:136) ~[?:?]
	at net.minecraft.server.MinecraftServer.waitUntilNextTick(MinecraftServer.java:1309) ~[paper-1.19.2.jar:git-Paper-162]
	at net.minecraft.server.MinecraftServer.runServer(MinecraftServer.java:1197) ~[paper-1.19.2.jar:git-Paper-162]
	at net.minecraft.server.MinecraftServer.lambda$spin$0(MinecraftServer.java:305) ~[paper-1.19.2.jar:git-Paper-162]
	at java.lang.Thread.run(Thread.java:833) ~[?:?]
[17:16:27] [Server thread/ERROR]: Could not pass event PlayerInteractEvent to Lobby vv0.1
java.lang.IndexOutOfBoundsException: Index 0 out of bounds for length 0
	at jdk.internal.util.Preconditions.outOfBounds(Preconditions.java:64) ~[?:?]
	at jdk.internal.util.Preconditions.outOfBoundsCheckIndex(Preconditions.java:70) ~[?:?]
	at jdk.internal.util.Preconditions.checkIndex(Preconditions.java:266) ~[?:?]
	at java.util.Objects.checkIndex(Objects.java:359) ~[?:?]
	at java.util.ArrayList.set(ArrayList.java:441) ~[?:?]
	at de.regitstudios.lobby.services.ServerNavigatorService.initializeDefaultInventoryItems(ServerNavigatorService.java:58) ~[Lobby-v0.1.jar:?]
	at de.regitstudios.lobby.services.ServerNavigatorService.showNavigatorInventory(ServerNavigatorService.java:44) ~[Lobby-v0.1.jar:?]
	at de.regitstudios.lobby.listener.NavigatorListener.onNavigatorMoved(NavigatorListener.java:36) ~[Lobby-v0.1.jar:?]
	at com.destroystokyo.paper.event.executor.asm.generated.GeneratedEventExecutor39.execute(Unknown Source) ~[?:?]
	at org.bukkit.plugin.EventExecutor.lambda$create$1(EventExecutor.java:75) ~[paper-api-1.19.2-R0.1-SNAPSHOT.jar:?]
	at co.aikar.timings.TimedEventExecutor.execute(TimedEventExecutor.java:80) ~[paper-api-1.19.2-R0.1-SNAPSHOT.jar:git-Paper-162]
	at org.bukkit.plugin.RegisteredListener.callEvent(RegisteredListener.java:70) ~[paper-api-1.19.2-R0.1-SNAPSHOT.jar:?]
	at org.bukkit.plugin.SimplePluginManager.callEvent(SimplePluginManager.java:670) ~[paper-api-1.19.2-R0.1-SNAPSHOT.jar:?]
	at org.bukkit.craftbukkit.v1_19_R1.event.CraftEventFactory.callPlayerInteractEvent(CraftEventFactory.java:544) ~[paper-1.19.2.jar:git-Paper-162]
	at org.bukkit.craftbukkit.v1_19_R1.event.CraftEventFactory.callPlayerInteractEvent(CraftEventFactory.java:507) ~[paper-1.19.2.jar:git-Paper-162]
	at org.bukkit.craftbukkit.v1_19_R1.event.CraftEventFactory.callPlayerInteractEvent(CraftEventFactory.java:502) ~[paper-1.19.2.jar:git-Paper-162]
	at org.bukkit.craftbukkit.v1_19_R1.event.CraftEventFactory.callPlayerInteractEvent(CraftEventFactory.java:498) ~[paper-1.19.2.jar:git-Paper-162]
	at net.minecraft.server.network.ServerGamePacketListenerImpl.handleUseItem(ServerGamePacketListenerImpl.java:2025) ~[?:?]
	at net.minecraft.network.protocol.game.ServerboundUseItemPacket.handle(ServerboundUseItemPacket.java:32) ~[?:?]
	at net.minecraft.network.protocol.game.ServerboundUseItemPacket.a(ServerboundUseItemPacket.java:8) ~[?:?]
	at net.minecraft.network.protocol.PacketUtils.lambda$ensureRunningOnSameThread$1(PacketUtils.java:51) ~[?:?]
	at net.minecraft.server.TickTask.run(TickTask.java:18) ~[paper-1.19.2.jar:git-Paper-162]
	at net.minecraft.util.thread.BlockableEventLoop.doRunTask(BlockableEventLoop.java:153) ~[?:?]
	at net.minecraft.util.thread.ReentrantBlockableEventLoop.doRunTask(ReentrantBlockableEventLoop.java:24) ~[?:?]
	at net.minecraft.server.MinecraftServer.doRunTask(MinecraftServer.java:1361) ~[paper-1.19.2.jar:git-Paper-162]
	at net.minecraft.server.MinecraftServer.d(MinecraftServer.java:185) ~[paper-1.19.2.jar:git-Paper-162]
	at net.minecraft.util.thread.BlockableEventLoop.pollTask(BlockableEventLoop.java:126) ~[?:?]
	at net.minecraft.server.MinecraftServer.pollTaskInternal(MinecraftServer.java:1338) ~[paper-1.19.2.jar:git-Paper-162]
	at net.minecraft.server.MinecraftServer.pollTask(MinecraftServer.java:1331) ~[paper-1.19.2.jar:git-Paper-162]
	at net.minecraft.util.thread.BlockableEventLoop.managedBlock(BlockableEventLoop.java:136) ~[?:?]
	at net.minecraft.server.MinecraftServer.waitUntilNextTick(MinecraftServer.java:1309) ~[paper-1.19.2.jar:git-Paper-162]
	at net.minecraft.server.MinecraftServer.runServer(MinecraftServer.java:1197) ~[paper-1.19.2.jar:git-Paper-162]
	at net.minecraft.server.MinecraftServer.lambda$spin$0(MinecraftServer.java:305) ~[paper-1.19.2.jar:git-Paper-162]
	at java.lang.Thread.run(Thread.java:833) ~[?:?]
[17:17:36] [Server thread/ERROR]: Could not pass event PlayerInteractEvent to Lobby vv0.1
java.lang.IndexOutOfBoundsException: Index 0 out of bounds for length 0
	at jdk.internal.util.Preconditions.outOfBounds(Preconditions.java:64) ~[?:?]
	at jdk.internal.util.Preconditions.outOfBoundsCheckIndex(Preconditions.java:70) ~[?:?]
	at jdk.internal.util.Preconditions.checkIndex(Preconditions.java:266) ~[?:?]
	at java.util.Objects.checkIndex(Objects.java:359) ~[?:?]
	at java.util.ArrayList.set(ArrayList.java:441) ~[?:?]
	at de.regitstudios.lobby.services.ServerNavigatorService.initializeDefaultInventoryItems(ServerNavigatorService.java:58) ~[Lobby-v0.1.jar:?]
	at de.regitstudios.lobby.services.ServerNavigatorService.showNavigatorInventory(ServerNavigatorService.java:44) ~[Lobby-v0.1.jar:?]
	at de.regitstudios.lobby.listener.NavigatorListener.onNavigatorMoved(NavigatorListener.java:36) ~[Lobby-v0.1.jar:?]
	at com.destroystokyo.paper.event.executor.asm.generated.GeneratedEventExecutor39.execute(Unknown Source) ~[?:?]
	at org.bukkit.plugin.EventExecutor.lambda$create$1(EventExecutor.java:75) ~[paper-api-1.19.2-R0.1-SNAPSHOT.jar:?]
	at co.aikar.timings.TimedEventExecutor.execute(TimedEventExecutor.java:80) ~[paper-api-1.19.2-R0.1-SNAPSHOT.jar:git-Paper-162]
	at org.bukkit.plugin.RegisteredListener.callEvent(RegisteredListener.java:70) ~[paper-api-1.19.2-R0.1-SNAPSHOT.jar:?]
	at org.bukkit.plugin.SimplePluginManager.callEvent(SimplePluginManager.java:670) ~[paper-api-1.19.2-R0.1-SNAPSHOT.jar:?]
	at org.bukkit.craftbukkit.v1_19_R1.event.CraftEventFactory.callPlayerInteractEvent(CraftEventFactory.java:544) ~[paper-1.19.2.jar:git-Paper-162]
	at org.bukkit.craftbukkit.v1_19_R1.event.CraftEventFactory.callPlayerInteractEvent(CraftEventFactory.java:507) ~[paper-1.19.2.jar:git-Paper-162]
	at org.bukkit.craftbukkit.v1_19_R1.event.CraftEventFactory.callPlayerInteractEvent(CraftEventFactory.java:502) ~[paper-1.19.2.jar:git-Paper-162]
	at org.bukkit.craftbukkit.v1_19_R1.event.CraftEventFactory.callPlayerInteractEvent(CraftEventFactory.java:498) ~[paper-1.19.2.jar:git-Paper-162]
	at net.minecraft.server.network.ServerGamePacketListenerImpl.handleUseItem(ServerGamePacketListenerImpl.java:2025) ~[?:?]
	at net.minecraft.network.protocol.game.ServerboundUseItemPacket.handle(ServerboundUseItemPacket.java:32) ~[?:?]
	at net.minecraft.network.protocol.game.ServerboundUseItemPacket.a(ServerboundUseItemPacket.java:8) ~[?:?]
	at net.minecraft.network.protocol.PacketUtils.lambda$ensureRunningOnSameThread$1(PacketUtils.java:51) ~[?:?]
	at net.minecraft.server.TickTask.run(TickTask.java:18) ~[paper-1.19.2.jar:git-Paper-162]
	at net.minecraft.util.thread.BlockableEventLoop.doRunTask(BlockableEventLoop.java:153) ~[?:?]
	at net.minecraft.util.thread.ReentrantBlockableEventLoop.doRunTask(ReentrantBlockableEventLoop.java:24) ~[?:?]
	at net.minecraft.server.MinecraftServer.doRunTask(MinecraftServer.java:1361) ~[paper-1.19.2.jar:git-Paper-162]
	at net.minecraft.server.MinecraftServer.d(MinecraftServer.java:185) ~[paper-1.19.2.jar:git-Paper-162]
	at net.minecraft.util.thread.BlockableEventLoop.pollTask(BlockableEventLoop.java:126) ~[?:?]
	at net.minecraft.server.MinecraftServer.pollTaskInternal(MinecraftServer.java:1338) ~[paper-1.19.2.jar:git-Paper-162]
	at net.minecraft.server.MinecraftServer.pollTask(MinecraftServer.java:1331) ~[paper-1.19.2.jar:git-Paper-162]
	at net.minecraft.util.thread.BlockableEventLoop.managedBlock(BlockableEventLoop.java:136) ~[?:?]
	at net.minecraft.server.MinecraftServer.waitUntilNextTick(MinecraftServer.java:1309) ~[paper-1.19.2.jar:git-Paper-162]
	at net.minecraft.server.MinecraftServer.runServer(MinecraftServer.java:1197) ~[paper-1.19.2.jar:git-Paper-162]
	at net.minecraft.server.MinecraftServer.lambda$spin$0(MinecraftServer.java:305) ~[paper-1.19.2.jar:git-Paper-162]
	at java.lang.Thread.run(Thread.java:833) ~[?:?]
[17:18:33] [Server thread/INFO]: Anirataak issued server command: /reload confirm
[17:18:33] [Server thread/INFO]: Anirataak: Please note that this command is not supported and may cause issues when using some plugins.
[17:18:33] [Server thread/INFO]: Anirataak: If you encounter any issues please use the /stop command to restart your server.
[17:18:33] [Server thread/INFO]: Server Ping Player Sample Count: 12
[17:18:33] [Server thread/INFO]: Using 4 threads for Netty based IO
[17:18:34] [Server thread/INFO]: [Lobby] Disabling Lobby vv0.1
[17:18:34] [Server thread/INFO]: Loaded 7 recipes
[17:18:34] [Server thread/INFO]: [Lobby] Loading Lobby vv0.1
[17:18:34] [Server thread/INFO]: Server permissions file permissions.yml is empty, ignoring it
[17:18:34] [Server thread/INFO]: [Lobby] Enabling Lobby vv0.1
[17:18:34] [Server thread/INFO]: Anirataak: Reload complete.
[17:18:34] [Server thread/INFO]: Timings Reset
[17:20:05] [Server thread/INFO]: Anirataak issued server command: /reload confirm
[17:20:05] [Server thread/INFO]: Anirataak: Please note that this command is not supported and may cause issues when using some plugins.
[17:20:05] [Server thread/INFO]: Anirataak: If you encounter any issues please use the /stop command to restart your server.
[17:20:05] [Server thread/INFO]: Server Ping Player Sample Count: 12
[17:20:05] [Server thread/INFO]: Using 4 threads for Netty based IO
[17:20:06] [Server thread/INFO]: [Lobby] Disabling Lobby vv0.1
[17:20:06] [Server thread/INFO]: Loaded 7 recipes
[17:20:06] [Server thread/INFO]: [Lobby] Loading Lobby vv0.1
[17:20:06] [Server thread/INFO]: Server permissions file permissions.yml is empty, ignoring it
[17:20:06] [Server thread/INFO]: [Lobby] Enabling Lobby vv0.1
[17:20:06] [Server thread/INFO]: Anirataak: Reload complete.
[17:20:06] [Server thread/INFO]: Timings Reset
[17:20:25] [Server thread/INFO]: Anirataak issued server command: /reload confirm
[17:20:25] [Server thread/INFO]: Anirataak: Please note that this command is not supported and may cause issues when using some plugins.
[17:20:25] [Server thread/INFO]: Anirataak: If you encounter any issues please use the /stop command to restart your server.
[17:20:25] [Server thread/INFO]: Server Ping Player Sample Count: 12
[17:20:25] [Server thread/INFO]: Using 4 threads for Netty based IO
[17:20:25] [Server thread/INFO]: [Lobby] Disabling Lobby vv0.1
[17:20:25] [Server thread/INFO]: Loaded 7 recipes
[17:20:25] [Server thread/INFO]: [Lobby] Loading Lobby vv0.1
[17:20:25] [Server thread/INFO]: Server permissions file permissions.yml is empty, ignoring it
[17:20:25] [Server thread/INFO]: [Lobby] Enabling Lobby vv0.1
[17:20:25] [Server thread/INFO]: Anirataak: Reload complete.
[17:20:25] [Server thread/INFO]: Timings Reset
[17:20:36] [Server thread/INFO]: Anirataak issued server command: /reload confirm
[17:20:36] [Server thread/INFO]: Anirataak: Please note that this command is not supported and may cause issues when using some plugins.
[17:20:36] [Server thread/INFO]: Anirataak: If you encounter any issues please use the /stop command to restart your server.
[17:20:36] [Server thread/INFO]: Server Ping Player Sample Count: 12
[17:20:36] [Server thread/INFO]: Using 4 threads for Netty based IO
[17:20:36] [Server thread/INFO]: [Lobby] Disabling Lobby vv0.1
[17:20:36] [Server thread/INFO]: Loaded 7 recipes
[17:20:37] [Server thread/INFO]: [Lobby] Loading Lobby vv0.1
[17:20:37] [Server thread/INFO]: Server permissions file permissions.yml is empty, ignoring it
[17:20:37] [Server thread/INFO]: [Lobby] Enabling Lobby vv0.1
[17:20:37] [Server thread/INFO]: Anirataak: Reload complete.
[17:20:37] [Server thread/INFO]: Timings Reset
[17:22:40] [Server thread/INFO]: Anirataak issued server command: /reload confirm
[17:22:40] [Server thread/INFO]: Anirataak: Please note that this command is not supported and may cause issues when using some plugins.
[17:22:40] [Server thread/INFO]: Anirataak: If you encounter any issues please use the /stop command to restart your server.
[17:22:40] [Server thread/INFO]: Server Ping Player Sample Count: 12
[17:22:40] [Server thread/INFO]: Using 4 threads for Netty based IO
[17:22:40] [Server thread/INFO]: [Lobby] Disabling Lobby vv0.1
[17:22:41] [Server thread/INFO]: Loaded 7 recipes
[17:22:41] [Server thread/INFO]: [Lobby] Loading Lobby vv0.1
[17:22:41] [Server thread/INFO]: Server permissions file permissions.yml is empty, ignoring it
[17:22:41] [Server thread/INFO]: [Lobby] Enabling Lobby vv0.1
[17:22:41] [Server thread/INFO]: Anirataak: Reload complete.
[17:22:41] [Server thread/INFO]: Timings Reset
[17:25:20] [Server thread/INFO]: Anirataak issued server command: /reload confirm
[17:25:20] [Server thread/INFO]: Anirataak: Please note that this command is not supported and may cause issues when using some plugins.
[17:25:20] [Server thread/INFO]: Anirataak: If you encounter any issues please use the /stop command to restart your server.
[17:25:20] [Server thread/INFO]: Server Ping Player Sample Count: 12
[17:25:20] [Server thread/INFO]: Using 4 threads for Netty based IO
[17:25:20] [Server thread/INFO]: [Lobby] Disabling Lobby vv0.1
[17:25:20] [Server thread/INFO]: Loaded 7 recipes
[17:25:20] [Server thread/INFO]: [Lobby] Loading Lobby vv0.1
[17:25:20] [Server thread/INFO]: Server permissions file permissions.yml is empty, ignoring it
[17:25:20] [Server thread/INFO]: [Lobby] Enabling Lobby vv0.1
[17:25:20] [Server thread/INFO]: Anirataak: Reload complete.
[17:25:20] [Server thread/INFO]: Timings Reset
[17:25:22] [Server thread/INFO]: PENIS!
[17:25:23] [Server thread/INFO]: PENIS!
[17:25:23] [Server thread/INFO]: PENIS!
[17:25:23] [Server thread/INFO]: PENIS!
[17:25:23] [Server thread/INFO]: PENIS!
[17:25:23] [Server thread/INFO]: PENIS!
[17:25:23] [Server thread/INFO]: PENIS!
[17:25:23] [Server thread/INFO]: PENIS!
[17:25:24] [Server thread/INFO]: PENIS!
[17:25:24] [Server thread/INFO]: PENIS!
[17:25:26] [Server thread/INFO]: PENIS!
[17:25:26] [Server thread/INFO]: PENIS!
[17:25:26] [Server thread/INFO]: PENIS!
[17:25:26] [Server thread/INFO]: PENIS!
[17:25:26] [Server thread/INFO]: PENIS!
[17:25:26] [Server thread/INFO]: PENIS!
[17:25:26] [Server thread/INFO]: PENIS!
[17:25:26] [Server thread/INFO]: PENIS!
[17:25:30] [Server thread/ERROR]: Could not pass event PlayerInteractEvent to Lobby vv0.1
java.lang.NullPointerException: Cannot invoke "org.bukkit.inventory.meta.ItemMeta.getDisplayName()" because "itemMeta" is null
	at de.regitstudios.lobby.listener.NavigatorListener.onNavigatorMoved(NavigatorListener.java:37) ~[Lobby-v0.1.jar:?]
	at com.destroystokyo.paper.event.executor.asm.generated.GeneratedEventExecutor89.execute(Unknown Source) ~[?:?]
	at org.bukkit.plugin.EventExecutor.lambda$create$1(EventExecutor.java:75) ~[paper-api-1.19.2-R0.1-SNAPSHOT.jar:?]
	at co.aikar.timings.TimedEventExecutor.execute(TimedEventExecutor.java:80) ~[paper-api-1.19.2-R0.1-SNAPSHOT.jar:git-Paper-162]
	at org.bukkit.plugin.RegisteredListener.callEvent(RegisteredListener.java:70) ~[paper-api-1.19.2-R0.1-SNAPSHOT.jar:?]
	at org.bukkit.plugin.SimplePluginManager.callEvent(SimplePluginManager.java:670) ~[paper-api-1.19.2-R0.1-SNAPSHOT.jar:?]
	at org.bukkit.craftbukkit.v1_19_R1.event.CraftEventFactory.callPlayerInteractEvent(CraftEventFactory.java:544) ~[paper-1.19.2.jar:git-Paper-162]
	at org.bukkit.craftbukkit.v1_19_R1.event.CraftEventFactory.callPlayerInteractEvent(CraftEventFactory.java:507) ~[paper-1.19.2.jar:git-Paper-162]
	at org.bukkit.craftbukkit.v1_19_R1.event.CraftEventFactory.callPlayerInteractEvent(CraftEventFactory.java:502) ~[paper-1.19.2.jar:git-Paper-162]
	at org.bukkit.craftbukkit.v1_19_R1.event.CraftEventFactory.callPlayerInteractEvent(CraftEventFactory.java:498) ~[paper-1.19.2.jar:git-Paper-162]
	at net.minecraft.server.network.ServerGamePacketListenerImpl.handleAnimate(ServerGamePacketListenerImpl.java:2756) ~[?:?]
	at net.minecraft.network.protocol.game.ServerboundSwingPacket.handle(ServerboundSwingPacket.java:25) ~[?:?]
	at net.minecraft.network.protocol.game.ServerboundSwingPacket.a(ServerboundSwingPacket.java:11) ~[?:?]
	at net.minecraft.network.protocol.PacketUtils.lambda$ensureRunningOnSameThread$1(PacketUtils.java:51) ~[?:?]
	at net.minecraft.server.TickTask.run(TickTask.java:18) ~[paper-1.19.2.jar:git-Paper-162]
	at net.minecraft.util.thread.BlockableEventLoop.doRunTask(BlockableEventLoop.java:153) ~[?:?]
	at net.minecraft.util.thread.ReentrantBlockableEventLoop.doRunTask(ReentrantBlockableEventLoop.java:24) ~[?:?]
	at net.minecraft.server.MinecraftServer.doRunTask(MinecraftServer.java:1361) ~[paper-1.19.2.jar:git-Paper-162]
	at net.minecraft.server.MinecraftServer.d(MinecraftServer.java:185) ~[paper-1.19.2.jar:git-Paper-162]
	at net.minecraft.util.thread.BlockableEventLoop.pollTask(BlockableEventLoop.java:126) ~[?:?]
	at net.minecraft.server.MinecraftServer.pollTaskInternal(MinecraftServer.java:1338) ~[paper-1.19.2.jar:git-Paper-162]
	at net.minecraft.server.MinecraftServer.pollTask(MinecraftServer.java:1331) ~[paper-1.19.2.jar:git-Paper-162]
	at net.minecraft.util.thread.BlockableEventLoop.managedBlock(BlockableEventLoop.java:136) ~[?:?]
	at net.minecraft.server.MinecraftServer.waitUntilNextTick(MinecraftServer.java:1309) ~[paper-1.19.2.jar:git-Paper-162]
	at net.minecraft.server.MinecraftServer.runServer(MinecraftServer.java:1197) ~[paper-1.19.2.jar:git-Paper-162]
	at net.minecraft.server.MinecraftServer.lambda$spin$0(MinecraftServer.java:305) ~[paper-1.19.2.jar:git-Paper-162]
	at java.lang.Thread.run(Thread.java:833) ~[?:?]
[17:25:30] [Server thread/ERROR]: Could not pass event PlayerInteractEvent to Lobby vv0.1
java.lang.NullPointerException: Cannot invoke "org.bukkit.inventory.meta.ItemMeta.getDisplayName()" because "itemMeta" is null
	at de.regitstudios.lobby.listener.NavigatorListener.onNavigatorMoved(NavigatorListener.java:37) ~[Lobby-v0.1.jar:?]
	at com.destroystokyo.paper.event.executor.asm.generated.GeneratedEventExecutor89.execute(Unknown Source) ~[?:?]
	at org.bukkit.plugin.EventExecutor.lambda$create$1(EventExecutor.java:75) ~[paper-api-1.19.2-R0.1-SNAPSHOT.jar:?]
	at co.aikar.timings.TimedEventExecutor.execute(TimedEventExecutor.java:80) ~[paper-api-1.19.2-R0.1-SNAPSHOT.jar:git-Paper-162]
	at org.bukkit.plugin.RegisteredListener.callEvent(RegisteredListener.java:70) ~[paper-api-1.19.2-R0.1-SNAPSHOT.jar:?]
	at org.bukkit.plugin.SimplePluginManager.callEvent(SimplePluginManager.java:670) ~[paper-api-1.19.2-R0.1-SNAPSHOT.jar:?]
	at org.bukkit.craftbukkit.v1_19_R1.event.CraftEventFactory.callPlayerInteractEvent(CraftEventFactory.java:544) ~[paper-1.19.2.jar:git-Paper-162]
	at org.bukkit.craftbukkit.v1_19_R1.event.CraftEventFactory.callPlayerInteractEvent(CraftEventFactory.java:507) ~[paper-1.19.2.jar:git-Paper-162]
	at org.bukkit.craftbukkit.v1_19_R1.event.CraftEventFactory.callPlayerInteractEvent(CraftEventFactory.java:502) ~[paper-1.19.2.jar:git-Paper-162]
	at net.minecraft.server.level.ServerPlayerGameMode.handleBlockBreakAction(ServerPlayerGameMode.java:198) ~[?:?]
	at net.minecraft.server.network.ServerGamePacketListenerImpl.handlePlayerAction(ServerGamePacketListenerImpl.java:1882) ~[?:?]
	at net.minecraft.network.protocol.game.ServerboundPlayerActionPacket.handle(ServerboundPlayerActionPacket.java:42) ~[?:?]
	at net.minecraft.network.protocol.game.ServerboundPlayerActionPacket.a(ServerboundPlayerActionPacket.java:15) ~[?:?]
	at net.minecraft.network.protocol.PacketUtils.lambda$ensureRunningOnSameThread$1(PacketUtils.java:51) ~[?:?]
	at net.minecraft.server.TickTask.run(TickTask.java:18) ~[paper-1.19.2.jar:git-Paper-162]
	at net.minecraft.util.thread.BlockableEventLoop.doRunTask(BlockableEventLoop.java:153) ~[?:?]
	at net.minecraft.util.thread.ReentrantBlockableEventLoop.doRunTask(ReentrantBlockableEventLoop.java:24) ~[?:?]
	at net.minecraft.server.MinecraftServer.doRunTask(MinecraftServer.java:1361) ~[paper-1.19.2.jar:git-Paper-162]
	at net.minecraft.server.MinecraftServer.d(MinecraftServer.java:185) ~[paper-1.19.2.jar:git-Paper-162]
	at net.minecraft.util.thread.BlockableEventLoop.pollTask(BlockableEventLoop.java:126) ~[?:?]
	at net.minecraft.server.MinecraftServer.pollTaskInternal(MinecraftServer.java:1338) ~[paper-1.19.2.jar:git-Paper-162]
	at net.minecraft.server.MinecraftServer.pollTask(MinecraftServer.java:1331) ~[paper-1.19.2.jar:git-Paper-162]
	at net.minecraft.util.thread.BlockableEventLoop.managedBlock(BlockableEventLoop.java:136) ~[?:?]
	at net.minecraft.server.MinecraftServer.waitUntilNextTick(MinecraftServer.java:1309) ~[paper-1.19.2.jar:git-Paper-162]
	at net.minecraft.server.MinecraftServer.runServer(MinecraftServer.java:1197) ~[paper-1.19.2.jar:git-Paper-162]
	at net.minecraft.server.MinecraftServer.lambda$spin$0(MinecraftServer.java:305) ~[paper-1.19.2.jar:git-Paper-162]
	at java.lang.Thread.run(Thread.java:833) ~[?:?]
[17:25:30] [Server thread/ERROR]: Could not pass event PlayerInteractEvent to Lobby vv0.1
java.lang.NullPointerException: Cannot invoke "org.bukkit.inventory.meta.ItemMeta.getDisplayName()" because "itemMeta" is null
	at de.regitstudios.lobby.listener.NavigatorListener.onNavigatorMoved(NavigatorListener.java:37) ~[Lobby-v0.1.jar:?]
	at com.destroystokyo.paper.event.executor.asm.generated.GeneratedEventExecutor89.execute(Unknown Source) ~[?:?]
	at org.bukkit.plugin.EventExecutor.lambda$create$1(EventExecutor.java:75) ~[paper-api-1.19.2-R0.1-SNAPSHOT.jar:?]
	at co.aikar.timings.TimedEventExecutor.execute(TimedEventExecutor.java:80) ~[paper-api-1.19.2-R0.1-SNAPSHOT.jar:git-Paper-162]
	at org.bukkit.plugin.RegisteredListener.callEvent(RegisteredListener.java:70) ~[paper-api-1.19.2-R0.1-SNAPSHOT.jar:?]
	at org.bukkit.plugin.SimplePluginManager.callEvent(SimplePluginManager.java:670) ~[paper-api-1.19.2-R0.1-SNAPSHOT.jar:?]
	at org.bukkit.craftbukkit.v1_19_R1.event.CraftEventFactory.callPlayerInteractEvent(CraftEventFactory.java:544) ~[paper-1.19.2.jar:git-Paper-162]
	at org.bukkit.craftbukkit.v1_19_R1.event.CraftEventFactory.callPlayerInteractEvent(CraftEventFactory.java:507) ~[paper-1.19.2.jar:git-Paper-162]
	at org.bukkit.craftbukkit.v1_19_R1.event.CraftEventFactory.callPlayerInteractEvent(CraftEventFactory.java:502) ~[paper-1.19.2.jar:git-Paper-162]
	at org.bukkit.craftbukkit.v1_19_R1.event.CraftEventFactory.callPlayerInteractEvent(CraftEventFactory.java:498) ~[paper-1.19.2.jar:git-Paper-162]
	at net.minecraft.server.network.ServerGamePacketListenerImpl.handleAnimate(ServerGamePacketListenerImpl.java:2756) ~[?:?]
	at net.minecraft.network.protocol.game.ServerboundSwingPacket.handle(ServerboundSwingPacket.java:25) ~[?:?]
	at net.minecraft.network.protocol.game.ServerboundSwingPacket.a(ServerboundSwingPacket.java:11) ~[?:?]
	at net.minecraft.network.protocol.PacketUtils.lambda$ensureRunningOnSameThread$1(PacketUtils.java:51) ~[?:?]
	at net.minecraft.server.TickTask.run(TickTask.java:18) ~[paper-1.19.2.jar:git-Paper-162]
	at net.minecraft.util.thread.BlockableEventLoop.doRunTask(BlockableEventLoop.java:153) ~[?:?]
	at net.minecraft.util.thread.ReentrantBlockableEventLoop.doRunTask(ReentrantBlockableEventLoop.java:24) ~[?:?]
	at net.minecraft.server.MinecraftServer.doRunTask(MinecraftServer.java:1361) ~[paper-1.19.2.jar:git-Paper-162]
	at net.minecraft.server.MinecraftServer.d(MinecraftServer.java:185) ~[paper-1.19.2.jar:git-Paper-162]
	at net.minecraft.util.thread.BlockableEventLoop.pollTask(BlockableEventLoop.java:126) ~[?:?]
	at net.minecraft.server.MinecraftServer.pollTaskInternal(MinecraftServer.java:1338) ~[paper-1.19.2.jar:git-Paper-162]
	at net.minecraft.server.MinecraftServer.pollTask(MinecraftServer.java:1331) ~[paper-1.19.2.jar:git-Paper-162]
	at net.minecraft.util.thread.BlockableEventLoop.managedBlock(BlockableEventLoop.java:136) ~[?:?]
	at net.minecraft.server.MinecraftServer.waitUntilNextTick(MinecraftServer.java:1309) ~[paper-1.19.2.jar:git-Paper-162]
	at net.minecraft.server.MinecraftServer.runServer(MinecraftServer.java:1197) ~[paper-1.19.2.jar:git-Paper-162]
	at net.minecraft.server.MinecraftServer.lambda$spin$0(MinecraftServer.java:305) ~[paper-1.19.2.jar:git-Paper-162]
	at java.lang.Thread.run(Thread.java:833) ~[?:?]
[17:25:30] [Server thread/ERROR]: Could not pass event PlayerInteractEvent to Lobby vv0.1
java.lang.NullPointerException: Cannot invoke "org.bukkit.inventory.meta.ItemMeta.getDisplayName()" because "itemMeta" is null
	at de.regitstudios.lobby.listener.NavigatorListener.onNavigatorMoved(NavigatorListener.java:37) ~[Lobby-v0.1.jar:?]
	at com.destroystokyo.paper.event.executor.asm.generated.GeneratedEventExecutor89.execute(Unknown Source) ~[?:?]
	at org.bukkit.plugin.EventExecutor.lambda$create$1(EventExecutor.java:75) ~[paper-api-1.19.2-R0.1-SNAPSHOT.jar:?]
	at co.aikar.timings.TimedEventExecutor.execute(TimedEventExecutor.java:80) ~[paper-api-1.19.2-R0.1-SNAPSHOT.jar:git-Paper-162]
	at org.bukkit.plugin.RegisteredListener.callEvent(RegisteredListener.java:70) ~[paper-api-1.19.2-R0.1-SNAPSHOT.jar:?]
	at org.bukkit.plugin.SimplePluginManager.callEvent(SimplePluginManager.java:670) ~[paper-api-1.19.2-R0.1-SNAPSHOT.jar:?]
	at org.bukkit.craftbukkit.v1_19_R1.event.CraftEventFactory.callPlayerInteractEvent(CraftEventFactory.java:544) ~[paper-1.19.2.jar:git-Paper-162]
	at org.bukkit.craftbukkit.v1_19_R1.event.CraftEventFactory.callPlayerInteractEvent(CraftEventFactory.java:507) ~[paper-1.19.2.jar:git-Paper-162]
	at org.bukkit.craftbukkit.v1_19_R1.event.CraftEventFactory.callPlayerInteractEvent(CraftEventFactory.java:502) ~[paper-1.19.2.jar:git-Paper-162]
	at org.bukkit.craftbukkit.v1_19_R1.event.CraftEventFactory.callPlayerInteractEvent(CraftEventFactory.java:498) ~[paper-1.19.2.jar:git-Paper-162]
	at net.minecraft.server.network.ServerGamePacketListenerImpl.handleAnimate(ServerGamePacketListenerImpl.java:2756) ~[?:?]
	at net.minecraft.network.protocol.game.ServerboundSwingPacket.handle(ServerboundSwingPacket.java:25) ~[?:?]
	at net.minecraft.network.protocol.game.ServerboundSwingPacket.a(ServerboundSwingPacket.java:11) ~[?:?]
	at net.minecraft.network.protocol.PacketUtils.lambda$ensureRunningOnSameThread$1(PacketUtils.java:51) ~[?:?]
	at net.minecraft.server.TickTask.run(TickTask.java:18) ~[paper-1.19.2.jar:git-Paper-162]
	at net.minecraft.util.thread.BlockableEventLoop.doRunTask(BlockableEventLoop.java:153) ~[?:?]
	at net.minecraft.util.thread.ReentrantBlockableEventLoop.doRunTask(ReentrantBlockableEventLoop.java:24) ~[?:?]
	at net.minecraft.server.MinecraftServer.doRunTask(MinecraftServer.java:1361) ~[paper-1.19.2.jar:git-Paper-162]
	at net.minecraft.server.MinecraftServer.d(MinecraftServer.java:185) ~[paper-1.19.2.jar:git-Paper-162]
	at net.minecraft.util.thread.BlockableEventLoop.pollTask(BlockableEventLoop.java:126) ~[?:?]
	at net.minecraft.server.MinecraftServer.pollTaskInternal(MinecraftServer.java:1338) ~[paper-1.19.2.jar:git-Paper-162]
	at net.minecraft.server.MinecraftServer.pollTask(MinecraftServer.java:1331) ~[paper-1.19.2.jar:git-Paper-162]
	at net.minecraft.util.thread.BlockableEventLoop.managedBlock(BlockableEventLoop.java:136) ~[?:?]
	at net.minecraft.server.MinecraftServer.waitUntilNextTick(MinecraftServer.java:1309) ~[paper-1.19.2.jar:git-Paper-162]
	at net.minecraft.server.MinecraftServer.runServer(MinecraftServer.java:1197) ~[paper-1.19.2.jar:git-Paper-162]
	at net.minecraft.server.MinecraftServer.lambda$spin$0(MinecraftServer.java:305) ~[paper-1.19.2.jar:git-Paper-162]
	at java.lang.Thread.run(Thread.java:833) ~[?:?]
[17:25:32] [Server thread/INFO]: PENIS!
[17:25:33] [Server thread/INFO]: PENIS!
[17:25:33] [Server thread/INFO]: PENIS!
[17:25:33] [Server thread/INFO]: PENIS!
[17:26:21] [Server thread/INFO]: PENIS!
[17:26:21] [Server thread/INFO]: PENIS!
[17:26:21] [Server thread/INFO]: PENIS!
